2020-11-02 04:52:52,723 INFO 19599 [Timer] /Volumes/data/wsbb.web.server/node_modules/_egg-multipart@2.10.3@egg-multipart/app/schedule/clean_tmpdir.js next time will execute after 85027280ms at 2020-11-03 04:30:00.003
2020-11-02 04:52:53,812 INFO 19681 [Job#16042639727198970121402733423] /Volumes/data/wsbb.web.server/node_modules/_egg-multipart@2.10.3@egg-multipart/app/schedule/clean_tmpdir.js executing by app
2020-11-02 04:52:53,815 INFO 19681 [Job#16042639727198970121402733423] /Volumes/data/wsbb.web.server/node_modules/_egg-multipart@2.10.3@egg-multipart/app/schedule/clean_tmpdir.js execute succeed, used 3ms. 
2020-11-02 18:11:50,434 INFO 21108 [Timer] /Volumes/data/wsbb.web.server/node_modules/_egg-multipart@2.10.3@egg-multipart/app/schedule/clean_tmpdir.js next time will execute after 37089569ms at 2020-11-03 04:30:00.003
2020-11-02 18:11:50,434 INFO 21108 [Timer] /Volumes/data/wsbb.web.server/node_modules/_egg-logrotator@3.1.0@egg-logrotator/app/schedule/clean_log.js next time will execute after 20889566ms at 2020-11-03 00:00:00.000
2020-11-02 18:11:50,434 INFO 21108 [Timer] /Volumes/data/wsbb.web.server/node_modules/_egg-logrotator@3.1.0@egg-logrotator/app/schedule/rotate_by_file.js next time will execute after 20890566ms at 2020-11-03 00:00:01.000
2020-11-02 18:11:50,301 INFO 21109 [egg-schedule]: register schedule /Volumes/data/wsbb.web.server/node_modules/_egg-multipart@2.10.3@egg-multipart/app/schedule/clean_tmpdir.js
2020-11-02 18:11:50,301 INFO 21109 [egg-schedule]: register schedule /Volumes/data/wsbb.web.server/node_modules/_egg-logrotator@3.1.0@egg-logrotator/app/schedule/clean_log.js
2020-11-02 18:11:50,301 INFO 21109 [egg-schedule]: register schedule /Volumes/data/wsbb.web.server/node_modules/_egg-logrotator@3.1.0@egg-logrotator/app/schedule/rotate_by_file.js
2020-11-02 18:36:10,145 INFO 21219 [egg-schedule]: register schedule /Volumes/data/wsbb.web.server/node_modules/_egg-multipart@2.10.3@egg-multipart/app/schedule/clean_tmpdir.js
2020-11-02 18:36:10,145 INFO 21219 [egg-schedule]: register schedule /Volumes/data/wsbb.web.server/node_modules/_egg-logrotator@3.1.0@egg-logrotator/app/schedule/clean_log.js
2020-11-02 18:36:10,145 INFO 21219 [egg-schedule]: register schedule /Volumes/data/wsbb.web.server/node_modules/_egg-logrotator@3.1.0@egg-logrotator/app/schedule/rotate_by_file.js
2020-11-02 18:41:33,119 INFO 21239 [egg-schedule]: register schedule /Volumes/data/wsbb.web.server/node_modules/_egg-multipart@2.10.3@egg-multipart/app/schedule/clean_tmpdir.js
2020-11-02 18:41:33,119 INFO 21239 [egg-schedule]: register schedule /Volumes/data/wsbb.web.server/node_modules/_egg-logrotator@3.1.0@egg-logrotator/app/schedule/clean_log.js
2020-11-02 18:41:33,119 INFO 21239 [egg-schedule]: register schedule /Volumes/data/wsbb.web.server/node_modules/_egg-logrotator@3.1.0@egg-logrotator/app/schedule/rotate_by_file.js
2020-11-02 18:41:53,687 INFO 21272 [egg-schedule]: register schedule /Volumes/data/wsbb.web.server/node_modules/_egg-multipart@2.10.3@egg-multipart/app/schedule/clean_tmpdir.js
2020-11-02 18:41:53,687 INFO 21272 [egg-schedule]: register schedule /Volumes/data/wsbb.web.server/node_modules/_egg-logrotator@3.1.0@egg-logrotator/app/schedule/clean_log.js
2020-11-02 18:41:53,687 INFO 21272 [egg-schedule]: register schedule /Volumes/data/wsbb.web.server/node_modules/_egg-logrotator@3.1.0@egg-logrotator/app/schedule/rotate_by_file.js
2020-11-02 18:41:53,797 INFO 21271 [Timer] /Volumes/data/wsbb.web.server/node_modules/_egg-multipart@2.10.3@egg-multipart/app/schedule/clean_tmpdir.js next time will execute after 35286209ms at 2020-11-03 04:30:00.006
2020-11-02 18:41:53,797 INFO 21271 [Timer] /Volumes/data/wsbb.web.server/node_modules/_egg-logrotator@3.1.0@egg-logrotator/app/schedule/clean_log.js next time will execute after 19086203ms at 2020-11-03 00:00:00.000
2020-11-02 18:41:53,798 INFO 21271 [Timer] /Volumes/data/wsbb.web.server/node_modules/_egg-logrotator@3.1.0@egg-logrotator/app/schedule/rotate_by_file.js next time will execute after 19087203ms at 2020-11-03 00:00:01.001
2020-11-02 18:42:39,490 INFO 21274 [egg-schedule]: register schedule /Volumes/data/wsbb.web.server/node_modules/_egg-multipart@2.10.3@egg-multipart/app/schedule/clean_tmpdir.js
2020-11-02 18:42:39,490 INFO 21274 [egg-schedule]: register schedule /Volumes/data/wsbb.web.server/node_modules/_egg-logrotator@3.1.0@egg-logrotator/app/schedule/clean_log.js
2020-11-02 18:42:39,490 INFO 21274 [egg-schedule]: register schedule /Volumes/data/wsbb.web.server/node_modules/_egg-logrotator@3.1.0@egg-logrotator/app/schedule/rotate_by_file.js
2020-11-02 18:44:16,219 INFO 21283 [egg-schedule]: register schedule /Volumes/data/wsbb.web.server/node_modules/_egg-multipart@2.10.3@egg-multipart/app/schedule/clean_tmpdir.js
2020-11-02 18:44:16,219 INFO 21283 [egg-schedule]: register schedule /Volumes/data/wsbb.web.server/node_modules/_egg-logrotator@3.1.0@egg-logrotator/app/schedule/clean_log.js
2020-11-02 18:44:16,219 INFO 21283 [egg-schedule]: register schedule /Volumes/data/wsbb.web.server/node_modules/_egg-logrotator@3.1.0@egg-logrotator/app/schedule/rotate_by_file.js
2020-11-02 18:44:18,963 INFO 21285 [egg-schedule]: register schedule /Volumes/data/wsbb.web.server/node_modules/_egg-multipart@2.10.3@egg-multipart/app/schedule/clean_tmpdir.js
2020-11-02 18:44:18,963 INFO 21285 [egg-schedule]: register schedule /Volumes/data/wsbb.web.server/node_modules/_egg-logrotator@3.1.0@egg-logrotator/app/schedule/clean_log.js
2020-11-02 18:44:18,963 INFO 21285 [egg-schedule]: register schedule /Volumes/data/wsbb.web.server/node_modules/_egg-logrotator@3.1.0@egg-logrotator/app/schedule/rotate_by_file.js
2020-11-02 18:45:30,424 INFO 21292 [egg-schedule]: register schedule /Volumes/data/wsbb.web.server/node_modules/_egg-multipart@2.10.3@egg-multipart/app/schedule/clean_tmpdir.js
2020-11-02 18:45:30,424 INFO 21292 [egg-schedule]: register schedule /Volumes/data/wsbb.web.server/node_modules/_egg-logrotator@3.1.0@egg-logrotator/app/schedule/clean_log.js
2020-11-02 18:45:30,424 INFO 21292 [egg-schedule]: register schedule /Volumes/data/wsbb.web.server/node_modules/_egg-logrotator@3.1.0@egg-logrotator/app/schedule/rotate_by_file.js
2020-11-02 18:47:51,527 INFO 21297 [egg-schedule]: register schedule /Volumes/data/wsbb.web.server/node_modules/_egg-multipart@2.10.3@egg-multipart/app/schedule/clean_tmpdir.js
2020-11-02 18:47:51,527 INFO 21297 [egg-schedule]: register schedule /Volumes/data/wsbb.web.server/node_modules/_egg-logrotator@3.1.0@egg-logrotator/app/schedule/clean_log.js
2020-11-02 18:47:51,527 INFO 21297 [egg-schedule]: register schedule /Volumes/data/wsbb.web.server/node_modules/_egg-logrotator@3.1.0@egg-logrotator/app/schedule/rotate_by_file.js
2020-11-02 18:48:38,056 INFO 21310 [egg-schedule]: register schedule /Volumes/data/wsbb.web.server/node_modules/_egg-multipart@2.10.3@egg-multipart/app/schedule/clean_tmpdir.js
2020-11-02 18:48:38,056 INFO 21310 [egg-schedule]: register schedule /Volumes/data/wsbb.web.server/node_modules/_egg-logrotator@3.1.0@egg-logrotator/app/schedule/clean_log.js
2020-11-02 18:48:38,056 INFO 21310 [egg-schedule]: register schedule /Volumes/data/wsbb.web.server/node_modules/_egg-logrotator@3.1.0@egg-logrotator/app/schedule/rotate_by_file.js
2020-11-02 19:01:21,818 INFO 21356 [egg-schedule]: register schedule /Volumes/data/wsbb.web.server/node_modules/_egg-multipart@2.10.3@egg-multipart/app/schedule/clean_tmpdir.js
2020-11-02 19:01:21,818 INFO 21356 [egg-schedule]: register schedule /Volumes/data/wsbb.web.server/node_modules/_egg-logrotator@3.1.0@egg-logrotator/app/schedule/clean_log.js
2020-11-02 19:01:21,818 INFO 21356 [egg-schedule]: register schedule /Volumes/data/wsbb.web.server/node_modules/_egg-logrotator@3.1.0@egg-logrotator/app/schedule/rotate_by_file.js
2020-11-02 19:01:21,926 INFO 21355 [Timer] /Volumes/data/wsbb.web.server/node_modules/_egg-multipart@2.10.3@egg-multipart/app/schedule/clean_tmpdir.js next time will execute after 34118076ms at 2020-11-03 04:30:00.002
2020-11-02 19:01:21,926 INFO 21355 [Timer] /Volumes/data/wsbb.web.server/node_modules/_egg-logrotator@3.1.0@egg-logrotator/app/schedule/clean_log.js next time will execute after 17918074ms at 2020-11-03 00:00:00.000
2020-11-02 19:01:21,927 INFO 21355 [Timer] /Volumes/data/wsbb.web.server/node_modules/_egg-logrotator@3.1.0@egg-logrotator/app/schedule/rotate_by_file.js next time will execute after 17919074ms at 2020-11-03 00:00:01.001
2020-11-02 19:04:29,656 INFO 21378 [egg-schedule]: register schedule /Volumes/data/wsbb.web.server/node_modules/_egg-multipart@2.10.3@egg-multipart/app/schedule/clean_tmpdir.js
2020-11-02 19:04:29,656 INFO 21378 [egg-schedule]: register schedule /Volumes/data/wsbb.web.server/node_modules/_egg-logrotator@3.1.0@egg-logrotator/app/schedule/clean_log.js
2020-11-02 19:04:29,656 INFO 21378 [egg-schedule]: register schedule /Volumes/data/wsbb.web.server/node_modules/_egg-logrotator@3.1.0@egg-logrotator/app/schedule/rotate_by_file.js
2020-11-02 19:06:41,231 INFO 21385 [egg-schedule]: register schedule /Volumes/data/wsbb.web.server/node_modules/_egg-multipart@2.10.3@egg-multipart/app/schedule/clean_tmpdir.js
2020-11-02 19:06:41,231 INFO 21385 [egg-schedule]: register schedule /Volumes/data/wsbb.web.server/node_modules/_egg-logrotator@3.1.0@egg-logrotator/app/schedule/clean_log.js
2020-11-02 19:06:41,231 INFO 21385 [egg-schedule]: register schedule /Volumes/data/wsbb.web.server/node_modules/_egg-logrotator@3.1.0@egg-logrotator/app/schedule/rotate_by_file.js
2020-11-02 19:07:03,266 INFO 21387 [egg-schedule]: register schedule /Volumes/data/wsbb.web.server/node_modules/_egg-multipart@2.10.3@egg-multipart/app/schedule/clean_tmpdir.js
2020-11-02 19:07:03,266 INFO 21387 [egg-schedule]: register schedule /Volumes/data/wsbb.web.server/node_modules/_egg-logrotator@3.1.0@egg-logrotator/app/schedule/clean_log.js
2020-11-02 19:07:03,266 INFO 21387 [egg-schedule]: register schedule /Volumes/data/wsbb.web.server/node_modules/_egg-logrotator@3.1.0@egg-logrotator/app/schedule/rotate_by_file.js
2020-11-02 19:08:08,796 INFO 21393 [egg-schedule]: register schedule /Volumes/data/wsbb.web.server/node_modules/_egg-multipart@2.10.3@egg-multipart/app/schedule/clean_tmpdir.js
2020-11-02 19:08:08,796 INFO 21393 [egg-schedule]: register schedule /Volumes/data/wsbb.web.server/node_modules/_egg-logrotator@3.1.0@egg-logrotator/app/schedule/clean_log.js
2020-11-02 19:08:08,796 INFO 21393 [egg-schedule]: register schedule /Volumes/data/wsbb.web.server/node_modules/_egg-logrotator@3.1.0@egg-logrotator/app/schedule/rotate_by_file.js
2020-11-02 19:09:32,416 INFO 21398 [egg-schedule]: register schedule /Volumes/data/wsbb.web.server/node_modules/_egg-multipart@2.10.3@egg-multipart/app/schedule/clean_tmpdir.js
2020-11-02 19:09:32,416 INFO 21398 [egg-schedule]: register schedule /Volumes/data/wsbb.web.server/node_modules/_egg-logrotator@3.1.0@egg-logrotator/app/schedule/clean_log.js
2020-11-02 19:09:32,416 INFO 21398 [egg-schedule]: register schedule /Volumes/data/wsbb.web.server/node_modules/_egg-logrotator@3.1.0@egg-logrotator/app/schedule/rotate_by_file.js
2020-11-02 19:10:56,858 INFO 21417 [egg-schedule]: register schedule /Volumes/data/wsbb.web.server/node_modules/_egg-multipart@2.10.3@egg-multipart/app/schedule/clean_tmpdir.js
2020-11-02 19:10:56,858 INFO 21417 [egg-schedule]: register schedule /Volumes/data/wsbb.web.server/node_modules/_egg-logrotator@3.1.0@egg-logrotator/app/schedule/clean_log.js
2020-11-02 19:10:56,858 INFO 21417 [egg-schedule]: register schedule /Volumes/data/wsbb.web.server/node_modules/_egg-logrotator@3.1.0@egg-logrotator/app/schedule/rotate_by_file.js
2020-11-02 19:11:58,338 INFO 21423 [egg-schedule]: register schedule /Volumes/data/wsbb.web.server/node_modules/_egg-multipart@2.10.3@egg-multipart/app/schedule/clean_tmpdir.js
2020-11-02 19:11:58,338 INFO 21423 [egg-schedule]: register schedule /Volumes/data/wsbb.web.server/node_modules/_egg-logrotator@3.1.0@egg-logrotator/app/schedule/clean_log.js
2020-11-02 19:11:58,338 INFO 21423 [egg-schedule]: register schedule /Volumes/data/wsbb.web.server/node_modules/_egg-logrotator@3.1.0@egg-logrotator/app/schedule/rotate_by_file.js
2020-11-02 19:12:37,613 INFO 21426 [egg-schedule]: register schedule /Volumes/data/wsbb.web.server/node_modules/_egg-multipart@2.10.3@egg-multipart/app/schedule/clean_tmpdir.js
2020-11-02 19:12:37,613 INFO 21426 [egg-schedule]: register schedule /Volumes/data/wsbb.web.server/node_modules/_egg-logrotator@3.1.0@egg-logrotator/app/schedule/clean_log.js
2020-11-02 19:12:37,613 INFO 21426 [egg-schedule]: register schedule /Volumes/data/wsbb.web.server/node_modules/_egg-logrotator@3.1.0@egg-logrotator/app/schedule/rotate_by_file.js
2020-11-02 19:13:01,829 INFO 21428 [egg-schedule]: register schedule /Volumes/data/wsbb.web.server/node_modules/_egg-multipart@2.10.3@egg-multipart/app/schedule/clean_tmpdir.js
2020-11-02 19:13:01,829 INFO 21428 [egg-schedule]: register schedule /Volumes/data/wsbb.web.server/node_modules/_egg-logrotator@3.1.0@egg-logrotator/app/schedule/clean_log.js
2020-11-02 19:13:01,829 INFO 21428 [egg-schedule]: register schedule /Volumes/data/wsbb.web.server/node_modules/_egg-logrotator@3.1.0@egg-logrotator/app/schedule/rotate_by_file.js
2020-11-02 19:14:33,048 INFO 21435 [egg-schedule]: register schedule /Volumes/data/wsbb.web.server/node_modules/_egg-multipart@2.10.3@egg-multipart/app/schedule/clean_tmpdir.js
2020-11-02 19:14:33,048 INFO 21435 [egg-schedule]: register schedule /Volumes/data/wsbb.web.server/node_modules/_egg-logrotator@3.1.0@egg-logrotator/app/schedule/clean_log.js
2020-11-02 19:14:33,048 INFO 21435 [egg-schedule]: register schedule /Volumes/data/wsbb.web.server/node_modules/_egg-logrotator@3.1.0@egg-logrotator/app/schedule/rotate_by_file.js
2020-11-02 19:14:40,002 INFO 21436 [egg-schedule]: register schedule /Volumes/data/wsbb.web.server/node_modules/_egg-multipart@2.10.3@egg-multipart/app/schedule/clean_tmpdir.js
2020-11-02 19:14:40,002 INFO 21436 [egg-schedule]: register schedule /Volumes/data/wsbb.web.server/node_modules/_egg-logrotator@3.1.0@egg-logrotator/app/schedule/clean_log.js
2020-11-02 19:14:40,002 INFO 21436 [egg-schedule]: register schedule /Volumes/data/wsbb.web.server/node_modules/_egg-logrotator@3.1.0@egg-logrotator/app/schedule/rotate_by_file.js
2020-11-02 19:14:46,585 INFO 21437 [egg-schedule]: register schedule /Volumes/data/wsbb.web.server/node_modules/_egg-multipart@2.10.3@egg-multipart/app/schedule/clean_tmpdir.js
2020-11-02 19:14:46,585 INFO 21437 [egg-schedule]: register schedule /Volumes/data/wsbb.web.server/node_modules/_egg-logrotator@3.1.0@egg-logrotator/app/schedule/clean_log.js
2020-11-02 19:14:46,585 INFO 21437 [egg-schedule]: register schedule /Volumes/data/wsbb.web.server/node_modules/_egg-logrotator@3.1.0@egg-logrotator/app/schedule/rotate_by_file.js
2020-11-02 19:15:27,298 INFO 21440 [egg-schedule]: register schedule /Volumes/data/wsbb.web.server/node_modules/_egg-multipart@2.10.3@egg-multipart/app/schedule/clean_tmpdir.js
2020-11-02 19:15:27,298 INFO 21440 [egg-schedule]: register schedule /Volumes/data/wsbb.web.server/node_modules/_egg-logrotator@3.1.0@egg-logrotator/app/schedule/clean_log.js
2020-11-02 19:15:27,298 INFO 21440 [egg-schedule]: register schedule /Volumes/data/wsbb.web.server/node_modules/_egg-logrotator@3.1.0@egg-logrotator/app/schedule/rotate_by_file.js
2020-11-02 19:16:12,632 INFO 21446 [egg-schedule]: register schedule /Volumes/data/wsbb.web.server/node_modules/_egg-multipart@2.10.3@egg-multipart/app/schedule/clean_tmpdir.js
2020-11-02 19:16:12,632 INFO 21446 [egg-schedule]: register schedule /Volumes/data/wsbb.web.server/node_modules/_egg-logrotator@3.1.0@egg-logrotator/app/schedule/clean_log.js
2020-11-02 19:16:12,632 INFO 21446 [egg-schedule]: register schedule /Volumes/data/wsbb.web.server/node_modules/_egg-logrotator@3.1.0@egg-logrotator/app/schedule/rotate_by_file.js
2020-11-02 19:16:24,808 INFO 21447 [egg-schedule]: register schedule /Volumes/data/wsbb.web.server/node_modules/_egg-multipart@2.10.3@egg-multipart/app/schedule/clean_tmpdir.js
2020-11-02 19:16:24,808 INFO 21447 [egg-schedule]: register schedule /Volumes/data/wsbb.web.server/node_modules/_egg-logrotator@3.1.0@egg-logrotator/app/schedule/clean_log.js
2020-11-02 19:16:24,808 INFO 21447 [egg-schedule]: register schedule /Volumes/data/wsbb.web.server/node_modules/_egg-logrotator@3.1.0@egg-logrotator/app/schedule/rotate_by_file.js
2020-11-02 19:16:28,745 INFO 21448 [egg-schedule]: register schedule /Volumes/data/wsbb.web.server/node_modules/_egg-multipart@2.10.3@egg-multipart/app/schedule/clean_tmpdir.js
2020-11-02 19:16:28,745 INFO 21448 [egg-schedule]: register schedule /Volumes/data/wsbb.web.server/node_modules/_egg-logrotator@3.1.0@egg-logrotator/app/schedule/clean_log.js
2020-11-02 19:16:28,745 INFO 21448 [egg-schedule]: register schedule /Volumes/data/wsbb.web.server/node_modules/_egg-logrotator@3.1.0@egg-logrotator/app/schedule/rotate_by_file.js
2020-11-02 19:16:43,987 INFO 21476 [egg-schedule]: register schedule /Volumes/data/wsbb.web.server/node_modules/_egg-multipart@2.10.3@egg-multipart/app/schedule/clean_tmpdir.js
2020-11-02 19:16:43,987 INFO 21476 [egg-schedule]: register schedule /Volumes/data/wsbb.web.server/node_modules/_egg-logrotator@3.1.0@egg-logrotator/app/schedule/clean_log.js
2020-11-02 19:16:43,987 INFO 21476 [egg-schedule]: register schedule /Volumes/data/wsbb.web.server/node_modules/_egg-logrotator@3.1.0@egg-logrotator/app/schedule/rotate_by_file.js
2020-11-02 19:16:44,094 INFO 21475 [Timer] /Volumes/data/wsbb.web.server/node_modules/_egg-multipart@2.10.3@egg-multipart/app/schedule/clean_tmpdir.js next time will execute after 33195909ms at 2020-11-03 04:30:00.003
2020-11-02 19:16:44,094 INFO 21475 [Timer] /Volumes/data/wsbb.web.server/node_modules/_egg-logrotator@3.1.0@egg-logrotator/app/schedule/clean_log.js next time will execute after 16995906ms at 2020-11-03 00:00:00.000
2020-11-02 19:16:44,095 INFO 21475 [Timer] /Volumes/data/wsbb.web.server/node_modules/_egg-logrotator@3.1.0@egg-logrotator/app/schedule/rotate_by_file.js next time will execute after 16996906ms at 2020-11-03 00:00:01.001
2020-11-02 19:17:03,056 INFO 21480 [egg-schedule]: register schedule /Volumes/data/wsbb.web.server/node_modules/_egg-multipart@2.10.3@egg-multipart/app/schedule/clean_tmpdir.js
2020-11-02 19:17:03,056 INFO 21480 [egg-schedule]: register schedule /Volumes/data/wsbb.web.server/node_modules/_egg-logrotator@3.1.0@egg-logrotator/app/schedule/clean_log.js
2020-11-02 19:17:03,056 INFO 21480 [egg-schedule]: register schedule /Volumes/data/wsbb.web.server/node_modules/_egg-logrotator@3.1.0@egg-logrotator/app/schedule/rotate_by_file.js
2020-11-02 19:19:52,286 INFO 21494 [egg-schedule]: register schedule /Volumes/data/wsbb.web.server/node_modules/_egg-multipart@2.10.3@egg-multipart/app/schedule/clean_tmpdir.js
2020-11-02 19:19:52,286 INFO 21494 [egg-schedule]: register schedule /Volumes/data/wsbb.web.server/node_modules/_egg-logrotator@3.1.0@egg-logrotator/app/schedule/clean_log.js
2020-11-02 19:19:52,286 INFO 21494 [egg-schedule]: register schedule /Volumes/data/wsbb.web.server/node_modules/_egg-logrotator@3.1.0@egg-logrotator/app/schedule/rotate_by_file.js
2020-11-02 19:21:01,179 INFO 21496 [egg-schedule]: register schedule /Volumes/data/wsbb.web.server/node_modules/_egg-multipart@2.10.3@egg-multipart/app/schedule/clean_tmpdir.js
2020-11-02 19:21:01,179 INFO 21496 [egg-schedule]: register schedule /Volumes/data/wsbb.web.server/node_modules/_egg-logrotator@3.1.0@egg-logrotator/app/schedule/clean_log.js
2020-11-02 19:21:01,179 INFO 21496 [egg-schedule]: register schedule /Volumes/data/wsbb.web.server/node_modules/_egg-logrotator@3.1.0@egg-logrotator/app/schedule/rotate_by_file.js
2020-11-02 19:23:18,743 INFO 21507 [egg-schedule]: register schedule /Volumes/data/wsbb.web.server/node_modules/_egg-multipart@2.10.3@egg-multipart/app/schedule/clean_tmpdir.js
2020-11-02 19:23:18,743 INFO 21507 [egg-schedule]: register schedule /Volumes/data/wsbb.web.server/node_modules/_egg-logrotator@3.1.0@egg-logrotator/app/schedule/clean_log.js
2020-11-02 19:23:18,743 INFO 21507 [egg-schedule]: register schedule /Volumes/data/wsbb.web.server/node_modules/_egg-logrotator@3.1.0@egg-logrotator/app/schedule/rotate_by_file.js
2020-11-02 19:23:57,826 INFO 21510 [egg-schedule]: register schedule /Volumes/data/wsbb.web.server/node_modules/_egg-multipart@2.10.3@egg-multipart/app/schedule/clean_tmpdir.js
2020-11-02 19:23:57,826 INFO 21510 [egg-schedule]: register schedule /Volumes/data/wsbb.web.server/node_modules/_egg-logrotator@3.1.0@egg-logrotator/app/schedule/clean_log.js
2020-11-02 19:23:57,826 INFO 21510 [egg-schedule]: register schedule /Volumes/data/wsbb.web.server/node_modules/_egg-logrotator@3.1.0@egg-logrotator/app/schedule/rotate_by_file.js
2020-11-02 19:24:06,954 INFO 21511 [egg-schedule]: register schedule /Volumes/data/wsbb.web.server/node_modules/_egg-multipart@2.10.3@egg-multipart/app/schedule/clean_tmpdir.js
2020-11-02 19:24:06,954 INFO 21511 [egg-schedule]: register schedule /Volumes/data/wsbb.web.server/node_modules/_egg-logrotator@3.1.0@egg-logrotator/app/schedule/clean_log.js
2020-11-02 19:24:06,954 INFO 21511 [egg-schedule]: register schedule /Volumes/data/wsbb.web.server/node_modules/_egg-logrotator@3.1.0@egg-logrotator/app/schedule/rotate_by_file.js
2020-11-02 19:24:40,466 INFO 21512 [egg-schedule]: register schedule /Volumes/data/wsbb.web.server/node_modules/_egg-multipart@2.10.3@egg-multipart/app/schedule/clean_tmpdir.js
2020-11-02 19:24:40,466 INFO 21512 [egg-schedule]: register schedule /Volumes/data/wsbb.web.server/node_modules/_egg-logrotator@3.1.0@egg-logrotator/app/schedule/clean_log.js
2020-11-02 19:24:40,466 INFO 21512 [egg-schedule]: register schedule /Volumes/data/wsbb.web.server/node_modules/_egg-logrotator@3.1.0@egg-logrotator/app/schedule/rotate_by_file.js
2020-11-02 19:25:02,215 INFO 21513 [egg-schedule]: register schedule /Volumes/data/wsbb.web.server/node_modules/_egg-multipart@2.10.3@egg-multipart/app/schedule/clean_tmpdir.js
2020-11-02 19:25:02,215 INFO 21513 [egg-schedule]: register schedule /Volumes/data/wsbb.web.server/node_modules/_egg-logrotator@3.1.0@egg-logrotator/app/schedule/clean_log.js
2020-11-02 19:25:02,215 INFO 21513 [egg-schedule]: register schedule /Volumes/data/wsbb.web.server/node_modules/_egg-logrotator@3.1.0@egg-logrotator/app/schedule/rotate_by_file.js
2020-11-02 19:44:19,163 INFO 21557 [egg-schedule]: register schedule /Volumes/data/wsbb.web.server/node_modules/_egg-multipart@2.10.3@egg-multipart/app/schedule/clean_tmpdir.js
2020-11-02 19:44:19,163 INFO 21557 [egg-schedule]: register schedule /Volumes/data/wsbb.web.server/node_modules/_egg-logrotator@3.1.0@egg-logrotator/app/schedule/clean_log.js
2020-11-02 19:44:19,163 INFO 21557 [egg-schedule]: register schedule /Volumes/data/wsbb.web.server/node_modules/_egg-logrotator@3.1.0@egg-logrotator/app/schedule/rotate_by_file.js
2020-11-02 19:44:24,240 INFO 21558 [egg-schedule]: register schedule /Volumes/data/wsbb.web.server/node_modules/_egg-multipart@2.10.3@egg-multipart/app/schedule/clean_tmpdir.js
2020-11-02 19:44:24,241 INFO 21558 [egg-schedule]: register schedule /Volumes/data/wsbb.web.server/node_modules/_egg-logrotator@3.1.0@egg-logrotator/app/schedule/clean_log.js
2020-11-02 19:44:24,241 INFO 21558 [egg-schedule]: register schedule /Volumes/data/wsbb.web.server/node_modules/_egg-logrotator@3.1.0@egg-logrotator/app/schedule/rotate_by_file.js
2020-11-02 19:47:25,876 INFO 21567 [egg-schedule]: register schedule /Volumes/data/wsbb.web.server/node_modules/_egg-multipart@2.10.3@egg-multipart/app/schedule/clean_tmpdir.js
2020-11-02 19:47:25,877 INFO 21567 [egg-schedule]: register schedule /Volumes/data/wsbb.web.server/node_modules/_egg-logrotator@3.1.0@egg-logrotator/app/schedule/clean_log.js
2020-11-02 19:47:25,877 INFO 21567 [egg-schedule]: register schedule /Volumes/data/wsbb.web.server/node_modules/_egg-logrotator@3.1.0@egg-logrotator/app/schedule/rotate_by_file.js
2020-11-02 19:47:47,892 INFO 21571 [egg-schedule]: register schedule /Volumes/data/wsbb.web.server/node_modules/_egg-multipart@2.10.3@egg-multipart/app/schedule/clean_tmpdir.js
2020-11-02 19:47:47,892 INFO 21571 [egg-schedule]: register schedule /Volumes/data/wsbb.web.server/node_modules/_egg-logrotator@3.1.0@egg-logrotator/app/schedule/clean_log.js
2020-11-02 19:47:47,892 INFO 21571 [egg-schedule]: register schedule /Volumes/data/wsbb.web.server/node_modules/_egg-logrotator@3.1.0@egg-logrotator/app/schedule/rotate_by_file.js
2020-11-02 19:50:35,825 INFO 21575 [egg-schedule]: register schedule /Volumes/data/wsbb.web.server/node_modules/_egg-multipart@2.10.3@egg-multipart/app/schedule/clean_tmpdir.js
2020-11-02 19:50:35,825 INFO 21575 [egg-schedule]: register schedule /Volumes/data/wsbb.web.server/node_modules/_egg-logrotator@3.1.0@egg-logrotator/app/schedule/clean_log.js
2020-11-02 19:50:35,825 INFO 21575 [egg-schedule]: register schedule /Volumes/data/wsbb.web.server/node_modules/_egg-logrotator@3.1.0@egg-logrotator/app/schedule/rotate_by_file.js
2020-11-02 19:52:33,222 INFO 21578 [egg-schedule]: register schedule /Volumes/data/wsbb.web.server/node_modules/_egg-multipart@2.10.3@egg-multipart/app/schedule/clean_tmpdir.js
2020-11-02 19:52:33,222 INFO 21578 [egg-schedule]: register schedule /Volumes/data/wsbb.web.server/node_modules/_egg-logrotator@3.1.0@egg-logrotator/app/schedule/clean_log.js
2020-11-02 19:52:33,222 INFO 21578 [egg-schedule]: register schedule /Volumes/data/wsbb.web.server/node_modules/_egg-logrotator@3.1.0@egg-logrotator/app/schedule/rotate_by_file.js
2020-11-02 19:53:40,547 INFO 21580 [egg-schedule]: register schedule /Volumes/data/wsbb.web.server/node_modules/_egg-multipart@2.10.3@egg-multipart/app/schedule/clean_tmpdir.js
2020-11-02 19:53:40,548 INFO 21580 [egg-schedule]: register schedule /Volumes/data/wsbb.web.server/node_modules/_egg-logrotator@3.1.0@egg-logrotator/app/schedule/clean_log.js
2020-11-02 19:53:40,548 INFO 21580 [egg-schedule]: register schedule /Volumes/data/wsbb.web.server/node_modules/_egg-logrotator@3.1.0@egg-logrotator/app/schedule/rotate_by_file.js
2020-11-02 19:55:27,537 INFO 21586 [egg-schedule]: register schedule /Volumes/data/wsbb.web.server/node_modules/_egg-multipart@2.10.3@egg-multipart/app/schedule/clean_tmpdir.js
2020-11-02 19:55:27,537 INFO 21586 [egg-schedule]: register schedule /Volumes/data/wsbb.web.server/node_modules/_egg-logrotator@3.1.0@egg-logrotator/app/schedule/clean_log.js
2020-11-02 19:55:27,537 INFO 21586 [egg-schedule]: register schedule /Volumes/data/wsbb.web.server/node_modules/_egg-logrotator@3.1.0@egg-logrotator/app/schedule/rotate_by_file.js
2020-11-02 19:55:54,963 INFO 21588 [egg-schedule]: register schedule /Volumes/data/wsbb.web.server/node_modules/_egg-multipart@2.10.3@egg-multipart/app/schedule/clean_tmpdir.js
2020-11-02 19:55:54,963 INFO 21588 [egg-schedule]: register schedule /Volumes/data/wsbb.web.server/node_modules/_egg-logrotator@3.1.0@egg-logrotator/app/schedule/clean_log.js
2020-11-02 19:55:54,963 INFO 21588 [egg-schedule]: register schedule /Volumes/data/wsbb.web.server/node_modules/_egg-logrotator@3.1.0@egg-logrotator/app/schedule/rotate_by_file.js
2020-11-02 20:54:46,970 INFO 22536 [Timer] /Volumes/data/wsbb.web.server/node_modules/_egg-multipart@2.10.3@egg-multipart/app/schedule/clean_tmpdir.js next time will execute after 27313032ms at 2020-11-03 04:30:00.002
2020-11-02 20:54:46,970 INFO 22536 [Timer] /Volumes/data/wsbb.web.server/node_modules/_egg-logrotator@3.1.0@egg-logrotator/app/schedule/clean_log.js next time will execute after 11113030ms at 2020-11-03 00:00:00.000
2020-11-02 20:54:46,971 INFO 22536 [Timer] /Volumes/data/wsbb.web.server/node_modules/_egg-logrotator@3.1.0@egg-logrotator/app/schedule/rotate_by_file.js next time will execute after 11114030ms at 2020-11-03 00:00:01.001
2020-11-02 20:54:46,843 INFO 22537 [egg-schedule]: register schedule /Volumes/data/wsbb.web.server/node_modules/_egg-multipart@2.10.3@egg-multipart/app/schedule/clean_tmpdir.js
2020-11-02 20:54:46,843 INFO 22537 [egg-schedule]: register schedule /Volumes/data/wsbb.web.server/node_modules/_egg-logrotator@3.1.0@egg-logrotator/app/schedule/clean_log.js
2020-11-02 20:54:46,843 INFO 22537 [egg-schedule]: register schedule /Volumes/data/wsbb.web.server/node_modules/_egg-logrotator@3.1.0@egg-logrotator/app/schedule/rotate_by_file.js
2020-11-02 21:06:41,405 INFO 22860 [egg-schedule]: register schedule /Volumes/data/wsbb.web.server/node_modules/_egg-multipart@2.10.3@egg-multipart/app/schedule/clean_tmpdir.js
2020-11-02 21:06:41,405 INFO 22860 [egg-schedule]: register schedule /Volumes/data/wsbb.web.server/node_modules/_egg-logrotator@3.1.0@egg-logrotator/app/schedule/clean_log.js
2020-11-02 21:06:41,405 INFO 22860 [egg-schedule]: register schedule /Volumes/data/wsbb.web.server/node_modules/_egg-logrotator@3.1.0@egg-logrotator/app/schedule/rotate_by_file.js
2020-11-02 21:06:41,514 INFO 22859 [Timer] /Volumes/data/wsbb.web.server/node_modules/_egg-multipart@2.10.3@egg-multipart/app/schedule/clean_tmpdir.js next time will execute after 26598488ms at 2020-11-03 04:30:00.002
2020-11-02 21:06:41,517 INFO 22859 [Timer] /Volumes/data/wsbb.web.server/node_modules/_egg-logrotator@3.1.0@egg-logrotator/app/schedule/clean_log.js next time will execute after 10398483ms at 2020-11-03 00:00:00.000
2020-11-02 21:06:41,518 INFO 22859 [Timer] /Volumes/data/wsbb.web.server/node_modules/_egg-logrotator@3.1.0@egg-logrotator/app/schedule/rotate_by_file.js next time will execute after 10399483ms at 2020-11-03 00:00:01.001
2020-11-12 20:44:39,785 INFO 35066 [Timer] /Volumes/data/wsbb.web.server/node_modules/_egg-multipart@2.10.3@egg-multipart/app/schedule/clean_tmpdir.js next time will execute after 27920217ms at 2020-11-13 04:30:00.002
2020-11-12 20:44:39,788 INFO 35066 [Timer] /Volumes/data/wsbb.web.server/node_modules/_egg-logrotator@3.1.0@egg-logrotator/app/schedule/clean_log.js next time will execute after 11720212ms at 2020-11-13 00:00:00.000
2020-11-12 20:44:39,789 INFO 35066 [Timer] /Volumes/data/wsbb.web.server/node_modules/_egg-logrotator@3.1.0@egg-logrotator/app/schedule/rotate_by_file.js next time will execute after 11721212ms at 2020-11-13 00:00:01.001
2020-11-12 20:44:39,636 INFO 35067 [egg-schedule]: register schedule /Volumes/data/wsbb.web.server/node_modules/_egg-multipart@2.10.3@egg-multipart/app/schedule/clean_tmpdir.js
2020-11-12 20:44:39,636 INFO 35067 [egg-schedule]: register schedule /Volumes/data/wsbb.web.server/node_modules/_egg-logrotator@3.1.0@egg-logrotator/app/schedule/clean_log.js
2020-11-12 20:44:39,636 INFO 35067 [egg-schedule]: register schedule /Volumes/data/wsbb.web.server/node_modules/_egg-logrotator@3.1.0@egg-logrotator/app/schedule/rotate_by_file.js
2020-11-12 20:45:53,956 INFO 35252 [Timer] /Volumes/data/wsbb.web.server/node_modules/_egg-multipart@2.10.3@egg-multipart/app/schedule/clean_tmpdir.js next time will execute after 27846048ms at 2020-11-13 04:30:00.004
2020-11-12 20:45:53,956 INFO 35252 [Timer] /Volumes/data/wsbb.web.server/node_modules/_egg-logrotator@3.1.0@egg-logrotator/app/schedule/clean_log.js next time will execute after 11646044ms at 2020-11-13 00:00:00.000
2020-11-12 20:45:53,957 INFO 35252 [Timer] /Volumes/data/wsbb.web.server/node_modules/_egg-logrotator@3.1.0@egg-logrotator/app/schedule/rotate_by_file.js next time will execute after 11647044ms at 2020-11-13 00:00:01.001
2020-11-12 20:45:53,825 INFO 35261 [egg-schedule]: register schedule /Volumes/data/wsbb.web.server/node_modules/_egg-multipart@2.10.3@egg-multipart/app/schedule/clean_tmpdir.js
2020-11-12 20:45:53,825 INFO 35261 [egg-schedule]: register schedule /Volumes/data/wsbb.web.server/node_modules/_egg-logrotator@3.1.0@egg-logrotator/app/schedule/clean_log.js
2020-11-12 20:45:53,825 INFO 35261 [egg-schedule]: register schedule /Volumes/data/wsbb.web.server/node_modules/_egg-logrotator@3.1.0@egg-logrotator/app/schedule/rotate_by_file.js
2020-11-12 21:03:54,478 INFO 35726 [Timer] /Volumes/data/wsbb.web.server/node_modules/_egg-multipart@2.10.3@egg-multipart/app/schedule/clean_tmpdir.js next time will execute after 26765524ms at 2020-11-13 04:30:00.002
2020-11-12 21:03:54,478 INFO 35726 [Timer] /Volumes/data/wsbb.web.server/node_modules/_egg-logrotator@3.1.0@egg-logrotator/app/schedule/clean_log.js next time will execute after 10565522ms at 2020-11-13 00:00:00.000
2020-11-12 21:03:54,478 INFO 35726 [Timer] /Volumes/data/wsbb.web.server/node_modules/_egg-logrotator@3.1.0@egg-logrotator/app/schedule/rotate_by_file.js next time will execute after 10566522ms at 2020-11-13 00:00:01.000
2020-11-12 21:03:54,337 INFO 35735 [egg-schedule]: register schedule /Volumes/data/wsbb.web.server/node_modules/_egg-multipart@2.10.3@egg-multipart/app/schedule/clean_tmpdir.js
2020-11-12 21:03:54,337 INFO 35735 [egg-schedule]: register schedule /Volumes/data/wsbb.web.server/node_modules/_egg-logrotator@3.1.0@egg-logrotator/app/schedule/clean_log.js
2020-11-12 21:03:54,337 INFO 35735 [egg-schedule]: register schedule /Volumes/data/wsbb.web.server/node_modules/_egg-logrotator@3.1.0@egg-logrotator/app/schedule/rotate_by_file.js
2020-11-12 21:35:13,571 INFO 36796 [Timer] /Volumes/data/wsbb.web.server/node_modules/egg-multipart/app/schedule/clean_tmpdir.js next time will execute after 24886432ms at 2020-11-13 04:30:00.003
2020-11-12 21:35:13,571 INFO 36796 [Timer] /Volumes/data/wsbb.web.server/node_modules/egg-logrotator/app/schedule/clean_log.js next time will execute after 8686429ms at 2020-11-13 00:00:00.000
2020-11-12 21:35:13,572 INFO 36796 [Timer] /Volumes/data/wsbb.web.server/node_modules/egg-logrotator/app/schedule/rotate_by_file.js next time will execute after 8687429ms at 2020-11-13 00:00:01.001
2020-11-12 21:35:13,430 INFO 36805 [egg-schedule]: register schedule /Volumes/data/wsbb.web.server/node_modules/egg-multipart/app/schedule/clean_tmpdir.js
2020-11-12 21:35:13,430 INFO 36805 [egg-schedule]: register schedule /Volumes/data/wsbb.web.server/node_modules/egg-logrotator/app/schedule/clean_log.js
2020-11-12 21:35:13,430 INFO 36805 [egg-schedule]: register schedule /Volumes/data/wsbb.web.server/node_modules/egg-logrotator/app/schedule/rotate_by_file.js
2020-11-13 20:24:56,126 INFO 38547 [Timer] /Volumes/data/wsbb.web.server/node_modules/egg-multipart/app/schedule/clean_tmpdir.js next time will execute after 29103877ms at 2020-11-14 04:30:00.003
2020-11-13 20:24:56,127 INFO 38547 [Timer] /Volumes/data/wsbb.web.server/node_modules/egg-logrotator/app/schedule/clean_log.js next time will execute after 12903874ms at 2020-11-14 00:00:00.001
2020-11-13 20:24:56,127 INFO 38547 [Timer] /Volumes/data/wsbb.web.server/node_modules/egg-logrotator/app/schedule/rotate_by_file.js next time will execute after 12904873ms at 2020-11-14 00:00:01.000
2020-11-13 20:24:55,981 INFO 38556 [egg-schedule]: register schedule /Volumes/data/wsbb.web.server/node_modules/egg-multipart/app/schedule/clean_tmpdir.js
2020-11-13 20:24:55,981 INFO 38556 [egg-schedule]: register schedule /Volumes/data/wsbb.web.server/node_modules/egg-logrotator/app/schedule/clean_log.js
2020-11-13 20:24:55,981 INFO 38556 [egg-schedule]: register schedule /Volumes/data/wsbb.web.server/node_modules/egg-logrotator/app/schedule/rotate_by_file.js
2020-11-13 20:25:22,940 INFO 38617 [egg-schedule]: register schedule /Volumes/data/wsbb.web.server/node_modules/egg-multipart/app/schedule/clean_tmpdir.js
2020-11-13 20:25:22,940 INFO 38617 [egg-schedule]: register schedule /Volumes/data/wsbb.web.server/node_modules/egg-logrotator/app/schedule/clean_log.js
2020-11-13 20:25:22,940 INFO 38617 [egg-schedule]: register schedule /Volumes/data/wsbb.web.server/node_modules/egg-logrotator/app/schedule/rotate_by_file.js
2020-11-13 20:25:23,053 INFO 38608 [Timer] /Volumes/data/wsbb.web.server/node_modules/egg-multipart/app/schedule/clean_tmpdir.js next time will execute after 29076950ms at 2020-11-14 04:30:00.003
2020-11-13 20:25:23,054 INFO 38608 [Timer] /Volumes/data/wsbb.web.server/node_modules/egg-logrotator/app/schedule/clean_log.js next time will execute after 12876947ms at 2020-11-14 00:00:00.001
2020-11-13 20:25:23,054 INFO 38608 [Timer] /Volumes/data/wsbb.web.server/node_modules/egg-logrotator/app/schedule/rotate_by_file.js next time will execute after 12877946ms at 2020-11-14 00:00:01.000
2020-11-14 14:41:45,369 INFO 39891 [Timer] /Volumes/data/wsbb.web.server/node_modules/egg-multipart/app/schedule/clean_tmpdir.js next time will execute after 49694633ms at 2020-11-15 04:30:00.002
2020-11-14 14:41:45,370 INFO 39891 [Timer] /Volumes/data/wsbb.web.server/node_modules/egg-logrotator/app/schedule/clean_log.js next time will execute after 33494631ms at 2020-11-15 00:00:00.001
2020-11-14 14:41:45,370 INFO 39891 [Timer] /Volumes/data/wsbb.web.server/node_modules/egg-logrotator/app/schedule/rotate_by_file.js next time will execute after 33495630ms at 2020-11-15 00:00:01.000
2020-11-14 14:41:45,235 INFO 39900 [egg-schedule]: register schedule /Volumes/data/wsbb.web.server/node_modules/egg-multipart/app/schedule/clean_tmpdir.js
2020-11-14 14:41:45,235 INFO 39900 [egg-schedule]: register schedule /Volumes/data/wsbb.web.server/node_modules/egg-logrotator/app/schedule/clean_log.js
2020-11-14 14:41:45,235 INFO 39900 [egg-schedule]: register schedule /Volumes/data/wsbb.web.server/node_modules/egg-logrotator/app/schedule/rotate_by_file.js
2020-11-14 17:41:14,958 INFO 42908 [Timer] /Volumes/data/wsbb.web.server/node_modules/egg-multipart/app/schedule/clean_tmpdir.js next time will execute after 38925047ms at 2020-11-15 04:30:00.005
2020-11-14 17:41:14,958 INFO 42908 [Timer] /Volumes/data/wsbb.web.server/node_modules/egg-logrotator/app/schedule/clean_log.js next time will execute after 22725042ms at 2020-11-15 00:00:00.000
2020-11-14 17:41:14,959 INFO 42908 [Timer] /Volumes/data/wsbb.web.server/node_modules/egg-logrotator/app/schedule/rotate_by_file.js next time will execute after 22726042ms at 2020-11-15 00:00:01.001
2020-11-14 17:41:14,798 INFO 42909 [egg-schedule]: register schedule /Volumes/data/wsbb.web.server/node_modules/egg-multipart/app/schedule/clean_tmpdir.js
2020-11-14 17:41:14,798 INFO 42909 [egg-schedule]: register schedule /Volumes/data/wsbb.web.server/node_modules/egg-logrotator/app/schedule/clean_log.js
2020-11-14 17:41:14,798 INFO 42909 [egg-schedule]: register schedule /Volumes/data/wsbb.web.server/node_modules/egg-logrotator/app/schedule/rotate_by_file.js
2020-11-14 18:03:25,546 INFO 43743 [egg-schedule]: register schedule /Volumes/data/wsbb.web.server/node_modules/egg-multipart/app/schedule/clean_tmpdir.js
2020-11-14 18:03:25,546 INFO 43743 [egg-schedule]: register schedule /Volumes/data/wsbb.web.server/node_modules/egg-logrotator/app/schedule/clean_log.js
2020-11-14 18:03:25,546 INFO 43743 [egg-schedule]: register schedule /Volumes/data/wsbb.web.server/node_modules/egg-logrotator/app/schedule/rotate_by_file.js
2020-11-14 18:03:25,652 INFO 43742 [Timer] /Volumes/data/wsbb.web.server/node_modules/egg-multipart/app/schedule/clean_tmpdir.js next time will execute after 37594351ms at 2020-11-15 04:30:00.003
2020-11-14 18:03:25,652 INFO 43742 [Timer] /Volumes/data/wsbb.web.server/node_modules/egg-logrotator/app/schedule/clean_log.js next time will execute after 21394348ms at 2020-11-15 00:00:00.000
2020-11-14 18:03:25,652 INFO 43742 [Timer] /Volumes/data/wsbb.web.server/node_modules/egg-logrotator/app/schedule/rotate_by_file.js next time will execute after 21395348ms at 2020-11-15 00:00:01.000
2020-11-14 18:04:15,518 INFO 43755 [egg-schedule]: register schedule /Volumes/data/wsbb.web.server/node_modules/egg-multipart/app/schedule/clean_tmpdir.js
2020-11-14 18:04:15,518 INFO 43755 [egg-schedule]: register schedule /Volumes/data/wsbb.web.server/node_modules/egg-logrotator/app/schedule/clean_log.js
2020-11-14 18:04:15,518 INFO 43755 [egg-schedule]: register schedule /Volumes/data/wsbb.web.server/node_modules/egg-logrotator/app/schedule/rotate_by_file.js
2020-11-14 18:04:25,074 INFO 43773 [egg-schedule]: register schedule /Volumes/data/wsbb.web.server/node_modules/egg-multipart/app/schedule/clean_tmpdir.js
2020-11-14 18:04:25,074 INFO 43773 [egg-schedule]: register schedule /Volumes/data/wsbb.web.server/node_modules/egg-logrotator/app/schedule/clean_log.js
2020-11-14 18:04:25,074 INFO 43773 [egg-schedule]: register schedule /Volumes/data/wsbb.web.server/node_modules/egg-logrotator/app/schedule/rotate_by_file.js
2020-11-14 18:04:58,059 INFO 43797 [egg-schedule]: register schedule /Volumes/data/wsbb.web.server/node_modules/egg-multipart/app/schedule/clean_tmpdir.js
2020-11-14 18:04:58,059 INFO 43797 [egg-schedule]: register schedule /Volumes/data/wsbb.web.server/node_modules/egg-logrotator/app/schedule/clean_log.js
2020-11-14 18:04:58,059 INFO 43797 [egg-schedule]: register schedule /Volumes/data/wsbb.web.server/node_modules/egg-logrotator/app/schedule/rotate_by_file.js
2020-11-14 18:06:48,766 INFO 43842 [egg-schedule]: register schedule /Volumes/data/wsbb.web.server/node_modules/egg-multipart/app/schedule/clean_tmpdir.js
2020-11-14 18:06:48,766 INFO 43842 [egg-schedule]: register schedule /Volumes/data/wsbb.web.server/node_modules/egg-logrotator/app/schedule/clean_log.js
2020-11-14 18:06:48,766 INFO 43842 [egg-schedule]: register schedule /Volumes/data/wsbb.web.server/node_modules/egg-logrotator/app/schedule/rotate_by_file.js
2020-11-14 18:11:41,181 INFO 43895 [egg-schedule]: register schedule /Volumes/data/wsbb.web.server/node_modules/egg-multipart/app/schedule/clean_tmpdir.js
2020-11-14 18:11:41,181 INFO 43895 [egg-schedule]: register schedule /Volumes/data/wsbb.web.server/node_modules/egg-logrotator/app/schedule/clean_log.js
2020-11-14 18:11:41,181 INFO 43895 [egg-schedule]: register schedule /Volumes/data/wsbb.web.server/node_modules/egg-logrotator/app/schedule/rotate_by_file.js
2020-11-14 18:12:27,151 INFO 43913 [egg-schedule]: register schedule /Volumes/data/wsbb.web.server/node_modules/egg-multipart/app/schedule/clean_tmpdir.js
2020-11-14 18:12:27,151 INFO 43913 [egg-schedule]: register schedule /Volumes/data/wsbb.web.server/node_modules/egg-logrotator/app/schedule/clean_log.js
2020-11-14 18:12:27,151 INFO 43913 [egg-schedule]: register schedule /Volumes/data/wsbb.web.server/node_modules/egg-logrotator/app/schedule/rotate_by_file.js
