2020-11-02 18:12:07,264 ERROR 21109 [-/::1/-/43ms GET /faqs] Page Controller renderToStream Error TypeError: ctx.apiService is not a function
    at _callee$ (webpack-internal:///./web/page/faqs/index.tsx:130:31)
    at tryCatch (/Volumes/data/wsbb.web.server/node_modules/_regenerator-runtime@0.13.7@regenerator-runtime/runtime.js:63:40)
    at Generator.invoke [as _invoke] (/Volumes/data/wsbb.web.server/node_modules/_regenerator-runtime@0.13.7@regenerator-runtime/runtime.js:293:22)
    at Generator.next (/Volumes/data/wsbb.web.server/node_modules/_regenerator-runtime@0.13.7@regenerator-runtime/runtime.js:118:21)
    at asyncGeneratorStep (webpack-internal:///./node_modules/_@babel_runtime@7.12.1@@babel/runtime/helpers/esm/asyncToGenerator.js:5:24)
    at _next (webpack-internal:///./node_modules/_@babel_runtime@7.12.1@@babel/runtime/helpers/esm/asyncToGenerator.js:27:9)
    at eval (webpack-internal:///./node_modules/_@babel_runtime@7.12.1@@babel/runtime/helpers/esm/asyncToGenerator.js:34:7)
    at new Promise (<anonymous>)
    at Function.eval (webpack-internal:///./node_modules/_@babel_runtime@7.12.1@@babel/runtime/helpers/esm/asyncToGenerator.js:23:12)
    at Function.eval [as getInitialProps] (webpack-internal:///./web/page/faqs/index.tsx:144:17)
2020-11-02 18:24:58,086 ERROR 21109 [-/::1/-/4ms GET /faqs] Page Controller renderToStream Error TypeError: ctx.apiService is not a function
    at _callee$ (webpack-internal:///./web/page/faqs/index.tsx:130:31)
    at tryCatch (/Volumes/data/wsbb.web.server/node_modules/_regenerator-runtime@0.13.7@regenerator-runtime/runtime.js:63:40)
    at Generator.invoke [as _invoke] (/Volumes/data/wsbb.web.server/node_modules/_regenerator-runtime@0.13.7@regenerator-runtime/runtime.js:293:22)
    at Generator.next (/Volumes/data/wsbb.web.server/node_modules/_regenerator-runtime@0.13.7@regenerator-runtime/runtime.js:118:21)
    at asyncGeneratorStep (webpack-internal:///./node_modules/_@babel_runtime@7.12.1@@babel/runtime/helpers/esm/asyncToGenerator.js:5:24)
    at _next (webpack-internal:///./node_modules/_@babel_runtime@7.12.1@@babel/runtime/helpers/esm/asyncToGenerator.js:27:9)
    at eval (webpack-internal:///./node_modules/_@babel_runtime@7.12.1@@babel/runtime/helpers/esm/asyncToGenerator.js:34:7)
    at new Promise (<anonymous>)
    at Function.eval (webpack-internal:///./node_modules/_@babel_runtime@7.12.1@@babel/runtime/helpers/esm/asyncToGenerator.js:23:12)
    at Function.eval [as getInitialProps] (webpack-internal:///./web/page/faqs/index.tsx:144:17)
2020-11-02 18:26:07,879 ERROR 21109 [-/::1/-/5ms GET /faqs] Page Controller renderToStream Error TypeError: ctx.apiService is not a function
    at _callee$ (webpack-internal:///./web/page/faqs/index.tsx:130:31)
    at tryCatch (/Volumes/data/wsbb.web.server/node_modules/_regenerator-runtime@0.13.7@regenerator-runtime/runtime.js:63:40)
    at Generator.invoke [as _invoke] (/Volumes/data/wsbb.web.server/node_modules/_regenerator-runtime@0.13.7@regenerator-runtime/runtime.js:293:22)
    at Generator.next (/Volumes/data/wsbb.web.server/node_modules/_regenerator-runtime@0.13.7@regenerator-runtime/runtime.js:118:21)
    at asyncGeneratorStep (webpack-internal:///./node_modules/_@babel_runtime@7.12.1@@babel/runtime/helpers/esm/asyncToGenerator.js:5:24)
    at _next (webpack-internal:///./node_modules/_@babel_runtime@7.12.1@@babel/runtime/helpers/esm/asyncToGenerator.js:27:9)
    at eval (webpack-internal:///./node_modules/_@babel_runtime@7.12.1@@babel/runtime/helpers/esm/asyncToGenerator.js:34:7)
    at new Promise (<anonymous>)
    at Function.eval (webpack-internal:///./node_modules/_@babel_runtime@7.12.1@@babel/runtime/helpers/esm/asyncToGenerator.js:23:12)
    at Function.eval [as getInitialProps] (webpack-internal:///./web/page/faqs/index.tsx:144:17)
2020-11-02 18:26:30,895 ERROR 21109 [-/::1/-/5ms GET /faqs] Page Controller renderToStream Error TypeError: ctx.apiService is not a function
    at _callee$ (webpack-internal:///./web/page/faqs/index.tsx:130:31)
    at tryCatch (/Volumes/data/wsbb.web.server/node_modules/_regenerator-runtime@0.13.7@regenerator-runtime/runtime.js:63:40)
    at Generator.invoke [as _invoke] (/Volumes/data/wsbb.web.server/node_modules/_regenerator-runtime@0.13.7@regenerator-runtime/runtime.js:293:22)
    at Generator.next (/Volumes/data/wsbb.web.server/node_modules/_regenerator-runtime@0.13.7@regenerator-runtime/runtime.js:118:21)
    at asyncGeneratorStep (webpack-internal:///./node_modules/_@babel_runtime@7.12.1@@babel/runtime/helpers/esm/asyncToGenerator.js:5:24)
    at _next (webpack-internal:///./node_modules/_@babel_runtime@7.12.1@@babel/runtime/helpers/esm/asyncToGenerator.js:27:9)
    at eval (webpack-internal:///./node_modules/_@babel_runtime@7.12.1@@babel/runtime/helpers/esm/asyncToGenerator.js:34:7)
    at new Promise (<anonymous>)
    at Function.eval (webpack-internal:///./node_modules/_@babel_runtime@7.12.1@@babel/runtime/helpers/esm/asyncToGenerator.js:23:12)
    at Function.eval [as getInitialProps] (webpack-internal:///./web/page/faqs/index.tsx:144:17)
2020-11-02 18:26:31,159 ERROR 21109 [-/::1/-/6ms GET /faqs] Page Controller renderToStream Error TypeError: ctx.apiService is not a function
    at _callee$ (webpack-internal:///./web/page/faqs/index.tsx:130:31)
    at tryCatch (/Volumes/data/wsbb.web.server/node_modules/_regenerator-runtime@0.13.7@regenerator-runtime/runtime.js:63:40)
    at Generator.invoke [as _invoke] (/Volumes/data/wsbb.web.server/node_modules/_regenerator-runtime@0.13.7@regenerator-runtime/runtime.js:293:22)
    at Generator.next (/Volumes/data/wsbb.web.server/node_modules/_regenerator-runtime@0.13.7@regenerator-runtime/runtime.js:118:21)
    at asyncGeneratorStep (webpack-internal:///./node_modules/_@babel_runtime@7.12.1@@babel/runtime/helpers/esm/asyncToGenerator.js:5:24)
    at _next (webpack-internal:///./node_modules/_@babel_runtime@7.12.1@@babel/runtime/helpers/esm/asyncToGenerator.js:27:9)
    at eval (webpack-internal:///./node_modules/_@babel_runtime@7.12.1@@babel/runtime/helpers/esm/asyncToGenerator.js:34:7)
    at new Promise (<anonymous>)
    at Function.eval (webpack-internal:///./node_modules/_@babel_runtime@7.12.1@@babel/runtime/helpers/esm/asyncToGenerator.js:23:12)
    at Function.eval [as getInitialProps] (webpack-internal:///./web/page/faqs/index.tsx:144:17)
2020-11-02 18:26:31,366 ERROR 21109 [-/::1/-/7ms GET /faqs] Page Controller renderToStream Error TypeError: ctx.apiService is not a function
    at _callee$ (webpack-internal:///./web/page/faqs/index.tsx:130:31)
    at tryCatch (/Volumes/data/wsbb.web.server/node_modules/_regenerator-runtime@0.13.7@regenerator-runtime/runtime.js:63:40)
    at Generator.invoke [as _invoke] (/Volumes/data/wsbb.web.server/node_modules/_regenerator-runtime@0.13.7@regenerator-runtime/runtime.js:293:22)
    at Generator.next (/Volumes/data/wsbb.web.server/node_modules/_regenerator-runtime@0.13.7@regenerator-runtime/runtime.js:118:21)
    at asyncGeneratorStep (webpack-internal:///./node_modules/_@babel_runtime@7.12.1@@babel/runtime/helpers/esm/asyncToGenerator.js:5:24)
    at _next (webpack-internal:///./node_modules/_@babel_runtime@7.12.1@@babel/runtime/helpers/esm/asyncToGenerator.js:27:9)
    at eval (webpack-internal:///./node_modules/_@babel_runtime@7.12.1@@babel/runtime/helpers/esm/asyncToGenerator.js:34:7)
    at new Promise (<anonymous>)
    at Function.eval (webpack-internal:///./node_modules/_@babel_runtime@7.12.1@@babel/runtime/helpers/esm/asyncToGenerator.js:23:12)
    at Function.eval [as getInitialProps] (webpack-internal:///./web/page/faqs/index.tsx:144:17)
2020-11-02 18:26:31,494 ERROR 21109 [-/::1/-/5ms GET /faqs] Page Controller renderToStream Error TypeError: ctx.apiService is not a function
    at _callee$ (webpack-internal:///./web/page/faqs/index.tsx:130:31)
    at tryCatch (/Volumes/data/wsbb.web.server/node_modules/_regenerator-runtime@0.13.7@regenerator-runtime/runtime.js:63:40)
    at Generator.invoke [as _invoke] (/Volumes/data/wsbb.web.server/node_modules/_regenerator-runtime@0.13.7@regenerator-runtime/runtime.js:293:22)
    at Generator.next (/Volumes/data/wsbb.web.server/node_modules/_regenerator-runtime@0.13.7@regenerator-runtime/runtime.js:118:21)
    at asyncGeneratorStep (webpack-internal:///./node_modules/_@babel_runtime@7.12.1@@babel/runtime/helpers/esm/asyncToGenerator.js:5:24)
    at _next (webpack-internal:///./node_modules/_@babel_runtime@7.12.1@@babel/runtime/helpers/esm/asyncToGenerator.js:27:9)
    at eval (webpack-internal:///./node_modules/_@babel_runtime@7.12.1@@babel/runtime/helpers/esm/asyncToGenerator.js:34:7)
    at new Promise (<anonymous>)
    at Function.eval (webpack-internal:///./node_modules/_@babel_runtime@7.12.1@@babel/runtime/helpers/esm/asyncToGenerator.js:23:12)
    at Function.eval [as getInitialProps] (webpack-internal:///./web/page/faqs/index.tsx:144:17)
2020-11-02 18:26:31,671 ERROR 21109 [-/::1/-/6ms GET /faqs] Page Controller renderToStream Error TypeError: ctx.apiService is not a function
    at _callee$ (webpack-internal:///./web/page/faqs/index.tsx:130:31)
    at tryCatch (/Volumes/data/wsbb.web.server/node_modules/_regenerator-runtime@0.13.7@regenerator-runtime/runtime.js:63:40)
    at Generator.invoke [as _invoke] (/Volumes/data/wsbb.web.server/node_modules/_regenerator-runtime@0.13.7@regenerator-runtime/runtime.js:293:22)
    at Generator.next (/Volumes/data/wsbb.web.server/node_modules/_regenerator-runtime@0.13.7@regenerator-runtime/runtime.js:118:21)
    at asyncGeneratorStep (webpack-internal:///./node_modules/_@babel_runtime@7.12.1@@babel/runtime/helpers/esm/asyncToGenerator.js:5:24)
    at _next (webpack-internal:///./node_modules/_@babel_runtime@7.12.1@@babel/runtime/helpers/esm/asyncToGenerator.js:27:9)
    at eval (webpack-internal:///./node_modules/_@babel_runtime@7.12.1@@babel/runtime/helpers/esm/asyncToGenerator.js:34:7)
    at new Promise (<anonymous>)
    at Function.eval (webpack-internal:///./node_modules/_@babel_runtime@7.12.1@@babel/runtime/helpers/esm/asyncToGenerator.js:23:12)
    at Function.eval [as getInitialProps] (webpack-internal:///./web/page/faqs/index.tsx:144:17)
2020-11-02 18:26:38,807 ERROR 21109 [-/::1/-/5ms GET /faqs] Page Controller renderToStream Error TypeError: ctx.apiService is not a function
    at _callee$ (webpack-internal:///./web/page/faqs/index.tsx:130:31)
    at tryCatch (/Volumes/data/wsbb.web.server/node_modules/_regenerator-runtime@0.13.7@regenerator-runtime/runtime.js:63:40)
    at Generator.invoke [as _invoke] (/Volumes/data/wsbb.web.server/node_modules/_regenerator-runtime@0.13.7@regenerator-runtime/runtime.js:293:22)
    at Generator.next (/Volumes/data/wsbb.web.server/node_modules/_regenerator-runtime@0.13.7@regenerator-runtime/runtime.js:118:21)
    at asyncGeneratorStep (webpack-internal:///./node_modules/_@babel_runtime@7.12.1@@babel/runtime/helpers/esm/asyncToGenerator.js:5:24)
    at _next (webpack-internal:///./node_modules/_@babel_runtime@7.12.1@@babel/runtime/helpers/esm/asyncToGenerator.js:27:9)
    at eval (webpack-internal:///./node_modules/_@babel_runtime@7.12.1@@babel/runtime/helpers/esm/asyncToGenerator.js:34:7)
    at new Promise (<anonymous>)
    at Function.eval (webpack-internal:///./node_modules/_@babel_runtime@7.12.1@@babel/runtime/helpers/esm/asyncToGenerator.js:23:12)
    at Function.eval [as getInitialProps] (webpack-internal:///./web/page/faqs/index.tsx:144:17)
2020-11-02 18:33:03,286 ERROR 21109 [-/::1/-/5ms GET /faqs] Page Controller renderToStream Error TypeError: ctx.apiService is not a function
    at _callee$ (webpack-internal:///./web/page/faqs/index.tsx:130:31)
    at tryCatch (/Volumes/data/wsbb.web.server/node_modules/_regenerator-runtime@0.13.7@regenerator-runtime/runtime.js:63:40)
    at Generator.invoke [as _invoke] (/Volumes/data/wsbb.web.server/node_modules/_regenerator-runtime@0.13.7@regenerator-runtime/runtime.js:293:22)
    at Generator.next (/Volumes/data/wsbb.web.server/node_modules/_regenerator-runtime@0.13.7@regenerator-runtime/runtime.js:118:21)
    at asyncGeneratorStep (webpack-internal:///./node_modules/_@babel_runtime@7.12.1@@babel/runtime/helpers/esm/asyncToGenerator.js:5:24)
    at _next (webpack-internal:///./node_modules/_@babel_runtime@7.12.1@@babel/runtime/helpers/esm/asyncToGenerator.js:27:9)
    at eval (webpack-internal:///./node_modules/_@babel_runtime@7.12.1@@babel/runtime/helpers/esm/asyncToGenerator.js:34:7)
    at new Promise (<anonymous>)
    at Function.eval (webpack-internal:///./node_modules/_@babel_runtime@7.12.1@@babel/runtime/helpers/esm/asyncToGenerator.js:23:12)
    at Function.eval [as getInitialProps] (webpack-internal:///./web/page/faqs/index.tsx:144:17)
2020-11-02 18:39:01,702 ERROR 21219 [-/::1/-/99ms GET /faqs] Page Controller renderToStream Error TypeError: ctx.apiService is not a function
    at _callee$ (webpack-internal:///./web/page/faqs/index.tsx:130:31)
    at tryCatch (/Volumes/data/wsbb.web.server/node_modules/_regenerator-runtime@0.13.7@regenerator-runtime/runtime.js:63:40)
    at Generator.invoke [as _invoke] (/Volumes/data/wsbb.web.server/node_modules/_regenerator-runtime@0.13.7@regenerator-runtime/runtime.js:293:22)
    at Generator.next (/Volumes/data/wsbb.web.server/node_modules/_regenerator-runtime@0.13.7@regenerator-runtime/runtime.js:118:21)
    at asyncGeneratorStep (webpack-internal:///./node_modules/_@babel_runtime@7.12.1@@babel/runtime/helpers/esm/asyncToGenerator.js:5:24)
    at _next (webpack-internal:///./node_modules/_@babel_runtime@7.12.1@@babel/runtime/helpers/esm/asyncToGenerator.js:27:9)
    at eval (webpack-internal:///./node_modules/_@babel_runtime@7.12.1@@babel/runtime/helpers/esm/asyncToGenerator.js:34:7)
    at new Promise (<anonymous>)
    at Function.eval (webpack-internal:///./node_modules/_@babel_runtime@7.12.1@@babel/runtime/helpers/esm/asyncToGenerator.js:23:12)
    at Function.eval [as getInitialProps] (webpack-internal:///./web/page/faqs/index.tsx:144:17)
2020-11-02 18:39:08,415 ERROR 21219 [-/::1/-/5ms GET /faqs] Page Controller renderToStream Error TypeError: ctx.apiService is not a function
    at _callee$ (webpack-internal:///./web/page/faqs/index.tsx:130:31)
    at tryCatch (/Volumes/data/wsbb.web.server/node_modules/_regenerator-runtime@0.13.7@regenerator-runtime/runtime.js:63:40)
    at Generator.invoke [as _invoke] (/Volumes/data/wsbb.web.server/node_modules/_regenerator-runtime@0.13.7@regenerator-runtime/runtime.js:293:22)
    at Generator.next (/Volumes/data/wsbb.web.server/node_modules/_regenerator-runtime@0.13.7@regenerator-runtime/runtime.js:118:21)
    at asyncGeneratorStep (webpack-internal:///./node_modules/_@babel_runtime@7.12.1@@babel/runtime/helpers/esm/asyncToGenerator.js:5:24)
    at _next (webpack-internal:///./node_modules/_@babel_runtime@7.12.1@@babel/runtime/helpers/esm/asyncToGenerator.js:27:9)
    at eval (webpack-internal:///./node_modules/_@babel_runtime@7.12.1@@babel/runtime/helpers/esm/asyncToGenerator.js:34:7)
    at new Promise (<anonymous>)
    at Function.eval (webpack-internal:///./node_modules/_@babel_runtime@7.12.1@@babel/runtime/helpers/esm/asyncToGenerator.js:23:12)
    at Function.eval [as getInitialProps] (webpack-internal:///./web/page/faqs/index.tsx:144:17)
2020-11-02 18:41:32,760 ERROR 21219 [-/::1/-/6ms GET /faqs] Page Controller renderToStream Error TypeError: ctx.apiService is not a function
    at _callee$ (webpack-internal:///./web/page/faqs/index.tsx:130:31)
    at tryCatch (/Volumes/data/wsbb.web.server/node_modules/_regenerator-runtime@0.13.7@regenerator-runtime/runtime.js:63:40)
    at Generator.invoke [as _invoke] (/Volumes/data/wsbb.web.server/node_modules/_regenerator-runtime@0.13.7@regenerator-runtime/runtime.js:293:22)
    at Generator.next (/Volumes/data/wsbb.web.server/node_modules/_regenerator-runtime@0.13.7@regenerator-runtime/runtime.js:118:21)
    at asyncGeneratorStep (webpack-internal:///./node_modules/_@babel_runtime@7.12.1@@babel/runtime/helpers/esm/asyncToGenerator.js:5:24)
    at _next (webpack-internal:///./node_modules/_@babel_runtime@7.12.1@@babel/runtime/helpers/esm/asyncToGenerator.js:27:9)
    at eval (webpack-internal:///./node_modules/_@babel_runtime@7.12.1@@babel/runtime/helpers/esm/asyncToGenerator.js:34:7)
    at new Promise (<anonymous>)
    at Function.eval (webpack-internal:///./node_modules/_@babel_runtime@7.12.1@@babel/runtime/helpers/esm/asyncToGenerator.js:23:12)
    at Function.eval [as getInitialProps] (webpack-internal:///./web/page/faqs/index.tsx:144:17)
2020-11-02 18:41:58,648 ERROR 21272 [-/::1/-/85ms GET /faqs] Page Controller renderToStream Error TypeError: ctx.apiService is not a function
    at _callee$ (webpack-internal:///./web/page/faqs/index.tsx:130:31)
    at tryCatch (/Volumes/data/wsbb.web.server/node_modules/_regenerator-runtime@0.13.7@regenerator-runtime/runtime.js:63:40)
    at Generator.invoke [as _invoke] (/Volumes/data/wsbb.web.server/node_modules/_regenerator-runtime@0.13.7@regenerator-runtime/runtime.js:293:22)
    at Generator.next (/Volumes/data/wsbb.web.server/node_modules/_regenerator-runtime@0.13.7@regenerator-runtime/runtime.js:118:21)
    at asyncGeneratorStep (webpack-internal:///./node_modules/_@babel_runtime@7.12.1@@babel/runtime/helpers/esm/asyncToGenerator.js:5:24)
    at _next (webpack-internal:///./node_modules/_@babel_runtime@7.12.1@@babel/runtime/helpers/esm/asyncToGenerator.js:27:9)
    at eval (webpack-internal:///./node_modules/_@babel_runtime@7.12.1@@babel/runtime/helpers/esm/asyncToGenerator.js:34:7)
    at new Promise (<anonymous>)
    at Function.eval (webpack-internal:///./node_modules/_@babel_runtime@7.12.1@@babel/runtime/helpers/esm/asyncToGenerator.js:23:12)
    at Function.eval [as getInitialProps] (webpack-internal:///./web/page/faqs/index.tsx:144:17)
2020-11-02 18:41:59,403 ERROR 21272 [-/::1/-/6ms GET /faqs] Page Controller renderToStream Error TypeError: ctx.apiService is not a function
    at _callee$ (webpack-internal:///./web/page/faqs/index.tsx:130:31)
    at tryCatch (/Volumes/data/wsbb.web.server/node_modules/_regenerator-runtime@0.13.7@regenerator-runtime/runtime.js:63:40)
    at Generator.invoke [as _invoke] (/Volumes/data/wsbb.web.server/node_modules/_regenerator-runtime@0.13.7@regenerator-runtime/runtime.js:293:22)
    at Generator.next (/Volumes/data/wsbb.web.server/node_modules/_regenerator-runtime@0.13.7@regenerator-runtime/runtime.js:118:21)
    at asyncGeneratorStep (webpack-internal:///./node_modules/_@babel_runtime@7.12.1@@babel/runtime/helpers/esm/asyncToGenerator.js:5:24)
    at _next (webpack-internal:///./node_modules/_@babel_runtime@7.12.1@@babel/runtime/helpers/esm/asyncToGenerator.js:27:9)
    at eval (webpack-internal:///./node_modules/_@babel_runtime@7.12.1@@babel/runtime/helpers/esm/asyncToGenerator.js:34:7)
    at new Promise (<anonymous>)
    at Function.eval (webpack-internal:///./node_modules/_@babel_runtime@7.12.1@@babel/runtime/helpers/esm/asyncToGenerator.js:23:12)
    at Function.eval [as getInitialProps] (webpack-internal:///./web/page/faqs/index.tsx:144:17)
2020-11-02 18:42:39,192 ERROR 21272 [-/::1/-/6ms GET /faqs] Page Controller renderToStream Error TypeError: ctx.apiService is not a function
    at _callee$ (webpack-internal:///./web/page/faqs/index.tsx:130:31)
    at tryCatch (/Volumes/data/wsbb.web.server/node_modules/_regenerator-runtime@0.13.7@regenerator-runtime/runtime.js:63:40)
    at Generator.invoke [as _invoke] (/Volumes/data/wsbb.web.server/node_modules/_regenerator-runtime@0.13.7@regenerator-runtime/runtime.js:293:22)
    at Generator.next (/Volumes/data/wsbb.web.server/node_modules/_regenerator-runtime@0.13.7@regenerator-runtime/runtime.js:118:21)
    at asyncGeneratorStep (webpack-internal:///./node_modules/_@babel_runtime@7.12.1@@babel/runtime/helpers/esm/asyncToGenerator.js:5:24)
    at _next (webpack-internal:///./node_modules/_@babel_runtime@7.12.1@@babel/runtime/helpers/esm/asyncToGenerator.js:27:9)
    at eval (webpack-internal:///./node_modules/_@babel_runtime@7.12.1@@babel/runtime/helpers/esm/asyncToGenerator.js:34:7)
    at new Promise (<anonymous>)
    at Function.eval (webpack-internal:///./node_modules/_@babel_runtime@7.12.1@@babel/runtime/helpers/esm/asyncToGenerator.js:23:12)
    at Function.eval [as getInitialProps] (webpack-internal:///./web/page/faqs/index.tsx:144:17)
2020-11-02 18:42:57,965 ERROR 21274 [-/::1/-/92ms GET /faqs] Page Controller renderToStream Error TypeError: ctx.apiService is not a function
    at _callee$ (webpack-internal:///./web/page/faqs/index.tsx:130:31)
    at tryCatch (/Volumes/data/wsbb.web.server/node_modules/_regenerator-runtime@0.13.7@regenerator-runtime/runtime.js:63:40)
    at Generator.invoke [as _invoke] (/Volumes/data/wsbb.web.server/node_modules/_regenerator-runtime@0.13.7@regenerator-runtime/runtime.js:293:22)
    at Generator.next (/Volumes/data/wsbb.web.server/node_modules/_regenerator-runtime@0.13.7@regenerator-runtime/runtime.js:118:21)
    at asyncGeneratorStep (webpack-internal:///./node_modules/_@babel_runtime@7.12.1@@babel/runtime/helpers/esm/asyncToGenerator.js:5:24)
    at _next (webpack-internal:///./node_modules/_@babel_runtime@7.12.1@@babel/runtime/helpers/esm/asyncToGenerator.js:27:9)
    at eval (webpack-internal:///./node_modules/_@babel_runtime@7.12.1@@babel/runtime/helpers/esm/asyncToGenerator.js:34:7)
    at new Promise (<anonymous>)
    at Function.eval (webpack-internal:///./node_modules/_@babel_runtime@7.12.1@@babel/runtime/helpers/esm/asyncToGenerator.js:23:12)
    at Function.eval [as getInitialProps] (webpack-internal:///./web/page/faqs/index.tsx:144:17)
2020-11-02 18:44:27,992 ERROR 21285 [-/::1/-/88ms GET /faqs] Page Controller renderToStream Error TypeError: ctx.apiService is not a function
    at _callee$ (webpack-internal:///./web/page/faqs/index.tsx:130:31)
    at tryCatch (/Volumes/data/wsbb.web.server/node_modules/_regenerator-runtime@0.13.7@regenerator-runtime/runtime.js:63:40)
    at Generator.invoke [as _invoke] (/Volumes/data/wsbb.web.server/node_modules/_regenerator-runtime@0.13.7@regenerator-runtime/runtime.js:293:22)
    at Generator.next (/Volumes/data/wsbb.web.server/node_modules/_regenerator-runtime@0.13.7@regenerator-runtime/runtime.js:118:21)
    at asyncGeneratorStep (webpack-internal:///./node_modules/_@babel_runtime@7.12.1@@babel/runtime/helpers/esm/asyncToGenerator.js:5:24)
    at _next (webpack-internal:///./node_modules/_@babel_runtime@7.12.1@@babel/runtime/helpers/esm/asyncToGenerator.js:27:9)
    at eval (webpack-internal:///./node_modules/_@babel_runtime@7.12.1@@babel/runtime/helpers/esm/asyncToGenerator.js:34:7)
    at new Promise (<anonymous>)
    at Function.eval (webpack-internal:///./node_modules/_@babel_runtime@7.12.1@@babel/runtime/helpers/esm/asyncToGenerator.js:23:12)
    at Function.eval [as getInitialProps] (webpack-internal:///./web/page/faqs/index.tsx:144:17)
2020-11-02 18:45:38,024 ERROR 21292 [-/::1/-/104ms GET /faqs] Page Controller renderToStream Error TypeError: ctx.apiService is not a function
    at _callee$ (webpack-internal:///./web/page/faqs/index.tsx:130:31)
    at tryCatch (/Volumes/data/wsbb.web.server/node_modules/_regenerator-runtime@0.13.7@regenerator-runtime/runtime.js:63:40)
    at Generator.invoke [as _invoke] (/Volumes/data/wsbb.web.server/node_modules/_regenerator-runtime@0.13.7@regenerator-runtime/runtime.js:293:22)
    at Generator.next (/Volumes/data/wsbb.web.server/node_modules/_regenerator-runtime@0.13.7@regenerator-runtime/runtime.js:118:21)
    at asyncGeneratorStep (webpack-internal:///./node_modules/_@babel_runtime@7.12.1@@babel/runtime/helpers/esm/asyncToGenerator.js:5:24)
    at _next (webpack-internal:///./node_modules/_@babel_runtime@7.12.1@@babel/runtime/helpers/esm/asyncToGenerator.js:27:9)
    at eval (webpack-internal:///./node_modules/_@babel_runtime@7.12.1@@babel/runtime/helpers/esm/asyncToGenerator.js:34:7)
    at new Promise (<anonymous>)
    at Function.eval (webpack-internal:///./node_modules/_@babel_runtime@7.12.1@@babel/runtime/helpers/esm/asyncToGenerator.js:23:12)
    at Function.eval [as getInitialProps] (webpack-internal:///./web/page/faqs/index.tsx:144:17)
2020-11-02 18:47:17,619 ERROR 21292 [-/::1/-/6ms GET /faqs] Page Controller renderToStream Error TypeError: ctx.apiService is not a function
    at _callee$ (webpack-internal:///./web/page/faqs/index.tsx:130:31)
    at tryCatch (/Volumes/data/wsbb.web.server/node_modules/_regenerator-runtime@0.13.7@regenerator-runtime/runtime.js:63:40)
    at Generator.invoke [as _invoke] (/Volumes/data/wsbb.web.server/node_modules/_regenerator-runtime@0.13.7@regenerator-runtime/runtime.js:293:22)
    at Generator.next (/Volumes/data/wsbb.web.server/node_modules/_regenerator-runtime@0.13.7@regenerator-runtime/runtime.js:118:21)
    at asyncGeneratorStep (webpack-internal:///./node_modules/_@babel_runtime@7.12.1@@babel/runtime/helpers/esm/asyncToGenerator.js:5:24)
    at _next (webpack-internal:///./node_modules/_@babel_runtime@7.12.1@@babel/runtime/helpers/esm/asyncToGenerator.js:27:9)
    at eval (webpack-internal:///./node_modules/_@babel_runtime@7.12.1@@babel/runtime/helpers/esm/asyncToGenerator.js:34:7)
    at new Promise (<anonymous>)
    at Function.eval (webpack-internal:///./node_modules/_@babel_runtime@7.12.1@@babel/runtime/helpers/esm/asyncToGenerator.js:23:12)
    at Function.eval [as getInitialProps] (webpack-internal:///./web/page/faqs/index.tsx:144:17)
2020-11-02 18:47:28,297 ERROR 21292 [-/::1/-/6ms GET /faqs] Page Controller renderToStream Error TypeError: ctx.apiService is not a function
    at _callee$ (webpack-internal:///./web/page/faqs/index.tsx:130:31)
    at tryCatch (/Volumes/data/wsbb.web.server/node_modules/_regenerator-runtime@0.13.7@regenerator-runtime/runtime.js:63:40)
    at Generator.invoke [as _invoke] (/Volumes/data/wsbb.web.server/node_modules/_regenerator-runtime@0.13.7@regenerator-runtime/runtime.js:293:22)
    at Generator.next (/Volumes/data/wsbb.web.server/node_modules/_regenerator-runtime@0.13.7@regenerator-runtime/runtime.js:118:21)
    at asyncGeneratorStep (webpack-internal:///./node_modules/_@babel_runtime@7.12.1@@babel/runtime/helpers/esm/asyncToGenerator.js:5:24)
    at _next (webpack-internal:///./node_modules/_@babel_runtime@7.12.1@@babel/runtime/helpers/esm/asyncToGenerator.js:27:9)
    at eval (webpack-internal:///./node_modules/_@babel_runtime@7.12.1@@babel/runtime/helpers/esm/asyncToGenerator.js:34:7)
    at new Promise (<anonymous>)
    at Function.eval (webpack-internal:///./node_modules/_@babel_runtime@7.12.1@@babel/runtime/helpers/esm/asyncToGenerator.js:23:12)
    at Function.eval [as getInitialProps] (webpack-internal:///./web/page/faqs/index.tsx:144:17)
2020-11-02 18:47:59,781 ERROR 21297 [-/::1/-/8ms GET /test] nodejs.Error: faqsService in class Test is not valid in current context
    at MidwayContainer.getAsync (/Volumes/data/wsbb.web.server/node_modules/_injection@1.8.6@injection/src/factory/applicationContext.ts:242:13)
    at MidwayContainer.getAsync (/Volumes/data/wsbb.web.server/node_modules/_injection@1.8.6@injection/src/factory/container.ts:148:18)
    at MidwayRequestContainer.getAsync (/Volumes/data/wsbb.web.server/node_modules/_midway-core@1.20.3@midway-core/src/requestContainer.ts:65:26)
    at RefResolver.resolveAsync (/Volumes/data/wsbb.web.server/node_modules/_injection@1.8.6@injection/src/factory/common/managedResolverFactory.ts:137:34)
    at ManagedResolverFactory.resolveManagedAsync (/Volumes/data/wsbb.web.server/node_modules/_injection@1.8.6@injection/src/factory/common/managedResolverFactory.ts:358:21)
    at ManagedResolverFactory.createAsync (/Volumes/data/wsbb.web.server/node_modules/_injection@1.8.6@injection/src/factory/common/managedResolverFactory.ts:517:36)
    at Object.<anonymous> (/Volumes/data/wsbb.web.server/node_modules/_midway-web@1.20.3@midway-web/src/loader/webLoader.ts:300:26)
    at /Volumes/data/wsbb.web.server/node_modules/_egg-development@2.7.0@egg-development/app/middleware/egg_loader_trace.js:9:50
    at xframe (/Volumes/data/wsbb.web.server/node_modules/_egg-security@2.8.0@egg-security/lib/middlewares/xframe.js:7:5)
    at xssProtection (/Volumes/data/wsbb.web.server/node_modules/_egg-security@2.8.0@egg-security/lib/middlewares/xssProtection.js:7:5)

pid: 21297
hostname: peter-MacBook-Pro.local

2020-11-02 18:48:50,974 ERROR 21310 [-/::1/-/90ms GET /faqs] Page Controller renderToStream Error TypeError: ctx.apiService is not a function
    at _callee$ (webpack-internal:///./web/page/faqs/index.tsx:130:31)
    at tryCatch (/Volumes/data/wsbb.web.server/node_modules/_regenerator-runtime@0.13.7@regenerator-runtime/runtime.js:63:40)
    at Generator.invoke [as _invoke] (/Volumes/data/wsbb.web.server/node_modules/_regenerator-runtime@0.13.7@regenerator-runtime/runtime.js:293:22)
    at Generator.next (/Volumes/data/wsbb.web.server/node_modules/_regenerator-runtime@0.13.7@regenerator-runtime/runtime.js:118:21)
    at asyncGeneratorStep (webpack-internal:///./node_modules/_@babel_runtime@7.12.1@@babel/runtime/helpers/esm/asyncToGenerator.js:5:24)
    at _next (webpack-internal:///./node_modules/_@babel_runtime@7.12.1@@babel/runtime/helpers/esm/asyncToGenerator.js:27:9)
    at eval (webpack-internal:///./node_modules/_@babel_runtime@7.12.1@@babel/runtime/helpers/esm/asyncToGenerator.js:34:7)
    at new Promise (<anonymous>)
    at Function.eval (webpack-internal:///./node_modules/_@babel_runtime@7.12.1@@babel/runtime/helpers/esm/asyncToGenerator.js:23:12)
    at Function.eval [as getInitialProps] (webpack-internal:///./web/page/faqs/index.tsx:144:17)
2020-11-02 18:48:51,444 ERROR 21310 [-/::1/-/6ms GET /faqs] Page Controller renderToStream Error TypeError: ctx.apiService is not a function
    at _callee$ (webpack-internal:///./web/page/faqs/index.tsx:130:31)
    at tryCatch (/Volumes/data/wsbb.web.server/node_modules/_regenerator-runtime@0.13.7@regenerator-runtime/runtime.js:63:40)
    at Generator.invoke [as _invoke] (/Volumes/data/wsbb.web.server/node_modules/_regenerator-runtime@0.13.7@regenerator-runtime/runtime.js:293:22)
    at Generator.next (/Volumes/data/wsbb.web.server/node_modules/_regenerator-runtime@0.13.7@regenerator-runtime/runtime.js:118:21)
    at asyncGeneratorStep (webpack-internal:///./node_modules/_@babel_runtime@7.12.1@@babel/runtime/helpers/esm/asyncToGenerator.js:5:24)
    at _next (webpack-internal:///./node_modules/_@babel_runtime@7.12.1@@babel/runtime/helpers/esm/asyncToGenerator.js:27:9)
    at eval (webpack-internal:///./node_modules/_@babel_runtime@7.12.1@@babel/runtime/helpers/esm/asyncToGenerator.js:34:7)
    at new Promise (<anonymous>)
    at Function.eval (webpack-internal:///./node_modules/_@babel_runtime@7.12.1@@babel/runtime/helpers/esm/asyncToGenerator.js:23:12)
    at Function.eval [as getInitialProps] (webpack-internal:///./web/page/faqs/index.tsx:144:17)
2020-11-02 18:48:51,625 ERROR 21310 [-/::1/-/5ms GET /faqs] Page Controller renderToStream Error TypeError: ctx.apiService is not a function
    at _callee$ (webpack-internal:///./web/page/faqs/index.tsx:130:31)
    at tryCatch (/Volumes/data/wsbb.web.server/node_modules/_regenerator-runtime@0.13.7@regenerator-runtime/runtime.js:63:40)
    at Generator.invoke [as _invoke] (/Volumes/data/wsbb.web.server/node_modules/_regenerator-runtime@0.13.7@regenerator-runtime/runtime.js:293:22)
    at Generator.next (/Volumes/data/wsbb.web.server/node_modules/_regenerator-runtime@0.13.7@regenerator-runtime/runtime.js:118:21)
    at asyncGeneratorStep (webpack-internal:///./node_modules/_@babel_runtime@7.12.1@@babel/runtime/helpers/esm/asyncToGenerator.js:5:24)
    at _next (webpack-internal:///./node_modules/_@babel_runtime@7.12.1@@babel/runtime/helpers/esm/asyncToGenerator.js:27:9)
    at eval (webpack-internal:///./node_modules/_@babel_runtime@7.12.1@@babel/runtime/helpers/esm/asyncToGenerator.js:34:7)
    at new Promise (<anonymous>)
    at Function.eval (webpack-internal:///./node_modules/_@babel_runtime@7.12.1@@babel/runtime/helpers/esm/asyncToGenerator.js:23:12)
    at Function.eval [as getInitialProps] (webpack-internal:///./web/page/faqs/index.tsx:144:17)
2020-11-02 18:48:51,810 ERROR 21310 [-/::1/-/6ms GET /faqs] Page Controller renderToStream Error TypeError: ctx.apiService is not a function
    at _callee$ (webpack-internal:///./web/page/faqs/index.tsx:130:31)
    at tryCatch (/Volumes/data/wsbb.web.server/node_modules/_regenerator-runtime@0.13.7@regenerator-runtime/runtime.js:63:40)
    at Generator.invoke [as _invoke] (/Volumes/data/wsbb.web.server/node_modules/_regenerator-runtime@0.13.7@regenerator-runtime/runtime.js:293:22)
    at Generator.next (/Volumes/data/wsbb.web.server/node_modules/_regenerator-runtime@0.13.7@regenerator-runtime/runtime.js:118:21)
    at asyncGeneratorStep (webpack-internal:///./node_modules/_@babel_runtime@7.12.1@@babel/runtime/helpers/esm/asyncToGenerator.js:5:24)
    at _next (webpack-internal:///./node_modules/_@babel_runtime@7.12.1@@babel/runtime/helpers/esm/asyncToGenerator.js:27:9)
    at eval (webpack-internal:///./node_modules/_@babel_runtime@7.12.1@@babel/runtime/helpers/esm/asyncToGenerator.js:34:7)
    at new Promise (<anonymous>)
    at Function.eval (webpack-internal:///./node_modules/_@babel_runtime@7.12.1@@babel/runtime/helpers/esm/asyncToGenerator.js:23:12)
    at Function.eval [as getInitialProps] (webpack-internal:///./web/page/faqs/index.tsx:144:17)
2020-11-02 19:00:49,100 ERROR 21310 [-/::1/-/6ms GET /faqs] Page Controller renderToStream Error TypeError: ctx.apiService is not a function
    at _callee$ (webpack-internal:///./web/page/faqs/index.tsx:130:31)
    at tryCatch (/Volumes/data/wsbb.web.server/node_modules/_regenerator-runtime@0.13.7@regenerator-runtime/runtime.js:63:40)
    at Generator.invoke [as _invoke] (/Volumes/data/wsbb.web.server/node_modules/_regenerator-runtime@0.13.7@regenerator-runtime/runtime.js:293:22)
    at Generator.next (/Volumes/data/wsbb.web.server/node_modules/_regenerator-runtime@0.13.7@regenerator-runtime/runtime.js:118:21)
    at asyncGeneratorStep (webpack-internal:///./node_modules/_@babel_runtime@7.12.1@@babel/runtime/helpers/esm/asyncToGenerator.js:5:24)
    at _next (webpack-internal:///./node_modules/_@babel_runtime@7.12.1@@babel/runtime/helpers/esm/asyncToGenerator.js:27:9)
    at eval (webpack-internal:///./node_modules/_@babel_runtime@7.12.1@@babel/runtime/helpers/esm/asyncToGenerator.js:34:7)
    at new Promise (<anonymous>)
    at Function.eval (webpack-internal:///./node_modules/_@babel_runtime@7.12.1@@babel/runtime/helpers/esm/asyncToGenerator.js:23:12)
    at Function.eval [as getInitialProps] (webpack-internal:///./web/page/faqs/index.tsx:144:17)
2020-11-02 19:00:49,831 ERROR 21310 [-/::1/-/6ms GET /faqs] Page Controller renderToStream Error TypeError: ctx.apiService is not a function
    at _callee$ (webpack-internal:///./web/page/faqs/index.tsx:130:31)
    at tryCatch (/Volumes/data/wsbb.web.server/node_modules/_regenerator-runtime@0.13.7@regenerator-runtime/runtime.js:63:40)
    at Generator.invoke [as _invoke] (/Volumes/data/wsbb.web.server/node_modules/_regenerator-runtime@0.13.7@regenerator-runtime/runtime.js:293:22)
    at Generator.next (/Volumes/data/wsbb.web.server/node_modules/_regenerator-runtime@0.13.7@regenerator-runtime/runtime.js:118:21)
    at asyncGeneratorStep (webpack-internal:///./node_modules/_@babel_runtime@7.12.1@@babel/runtime/helpers/esm/asyncToGenerator.js:5:24)
    at _next (webpack-internal:///./node_modules/_@babel_runtime@7.12.1@@babel/runtime/helpers/esm/asyncToGenerator.js:27:9)
    at eval (webpack-internal:///./node_modules/_@babel_runtime@7.12.1@@babel/runtime/helpers/esm/asyncToGenerator.js:34:7)
    at new Promise (<anonymous>)
    at Function.eval (webpack-internal:///./node_modules/_@babel_runtime@7.12.1@@babel/runtime/helpers/esm/asyncToGenerator.js:23:12)
    at Function.eval [as getInitialProps] (webpack-internal:///./web/page/faqs/index.tsx:144:17)
2020-11-02 19:01:39,681 ERROR 21356 [-/::1/-/96ms GET /faqs] Page Controller renderToStream Error TypeError: ctx.apiService is not a function
    at _callee$ (webpack-internal:///./web/page/faqs/index.tsx:130:31)
    at tryCatch (/Volumes/data/wsbb.web.server/node_modules/_regenerator-runtime@0.13.7@regenerator-runtime/runtime.js:63:40)
    at Generator.invoke [as _invoke] (/Volumes/data/wsbb.web.server/node_modules/_regenerator-runtime@0.13.7@regenerator-runtime/runtime.js:293:22)
    at Generator.next (/Volumes/data/wsbb.web.server/node_modules/_regenerator-runtime@0.13.7@regenerator-runtime/runtime.js:118:21)
    at asyncGeneratorStep (webpack-internal:///./node_modules/_@babel_runtime@7.12.1@@babel/runtime/helpers/esm/asyncToGenerator.js:5:24)
    at _next (webpack-internal:///./node_modules/_@babel_runtime@7.12.1@@babel/runtime/helpers/esm/asyncToGenerator.js:27:9)
    at eval (webpack-internal:///./node_modules/_@babel_runtime@7.12.1@@babel/runtime/helpers/esm/asyncToGenerator.js:34:7)
    at new Promise (<anonymous>)
    at Function.eval (webpack-internal:///./node_modules/_@babel_runtime@7.12.1@@babel/runtime/helpers/esm/asyncToGenerator.js:23:12)
    at Function.eval [as getInitialProps] (webpack-internal:///./web/page/faqs/index.tsx:144:17)
2020-11-02 19:03:19,772 ERROR 21356 [-/::1/-/5ms GET /faqs] Page Controller renderToStream Error TypeError: ctx.faqService is not a function
    at _callee$ (webpack-internal:///./web/page/faqs/index.tsx:130:31)
    at tryCatch (/Volumes/data/wsbb.web.server/node_modules/_regenerator-runtime@0.13.7@regenerator-runtime/runtime.js:63:40)
    at Generator.invoke [as _invoke] (/Volumes/data/wsbb.web.server/node_modules/_regenerator-runtime@0.13.7@regenerator-runtime/runtime.js:293:22)
    at Generator.next (/Volumes/data/wsbb.web.server/node_modules/_regenerator-runtime@0.13.7@regenerator-runtime/runtime.js:118:21)
    at asyncGeneratorStep (webpack-internal:///./node_modules/_@babel_runtime@7.12.1@@babel/runtime/helpers/esm/asyncToGenerator.js:5:24)
    at _next (webpack-internal:///./node_modules/_@babel_runtime@7.12.1@@babel/runtime/helpers/esm/asyncToGenerator.js:27:9)
    at eval (webpack-internal:///./node_modules/_@babel_runtime@7.12.1@@babel/runtime/helpers/esm/asyncToGenerator.js:34:7)
    at new Promise (<anonymous>)
    at Function.eval (webpack-internal:///./node_modules/_@babel_runtime@7.12.1@@babel/runtime/helpers/esm/asyncToGenerator.js:23:12)
    at Function.eval [as getInitialProps] (webpack-internal:///./web/page/faqs/index.tsx:144:17)
2020-11-02 19:03:20,444 ERROR 21356 [-/::1/-/5ms GET /faqs] Page Controller renderToStream Error TypeError: ctx.faqService is not a function
    at _callee$ (webpack-internal:///./web/page/faqs/index.tsx:130:31)
    at tryCatch (/Volumes/data/wsbb.web.server/node_modules/_regenerator-runtime@0.13.7@regenerator-runtime/runtime.js:63:40)
    at Generator.invoke [as _invoke] (/Volumes/data/wsbb.web.server/node_modules/_regenerator-runtime@0.13.7@regenerator-runtime/runtime.js:293:22)
    at Generator.next (/Volumes/data/wsbb.web.server/node_modules/_regenerator-runtime@0.13.7@regenerator-runtime/runtime.js:118:21)
    at asyncGeneratorStep (webpack-internal:///./node_modules/_@babel_runtime@7.12.1@@babel/runtime/helpers/esm/asyncToGenerator.js:5:24)
    at _next (webpack-internal:///./node_modules/_@babel_runtime@7.12.1@@babel/runtime/helpers/esm/asyncToGenerator.js:27:9)
    at eval (webpack-internal:///./node_modules/_@babel_runtime@7.12.1@@babel/runtime/helpers/esm/asyncToGenerator.js:34:7)
    at new Promise (<anonymous>)
    at Function.eval (webpack-internal:///./node_modules/_@babel_runtime@7.12.1@@babel/runtime/helpers/esm/asyncToGenerator.js:23:12)
    at Function.eval [as getInitialProps] (webpack-internal:///./web/page/faqs/index.tsx:144:17)
2020-11-02 19:04:32,746 ERROR 21378 [-/::1/-/88ms GET /faqs] Page Controller renderToStream Error TypeError: ctx.faqService is not a function
    at _callee$ (webpack-internal:///./web/page/faqs/index.tsx:130:31)
    at tryCatch (/Volumes/data/wsbb.web.server/node_modules/_regenerator-runtime@0.13.7@regenerator-runtime/runtime.js:63:40)
    at Generator.invoke [as _invoke] (/Volumes/data/wsbb.web.server/node_modules/_regenerator-runtime@0.13.7@regenerator-runtime/runtime.js:293:22)
    at Generator.next (/Volumes/data/wsbb.web.server/node_modules/_regenerator-runtime@0.13.7@regenerator-runtime/runtime.js:118:21)
    at asyncGeneratorStep (webpack-internal:///./node_modules/_@babel_runtime@7.12.1@@babel/runtime/helpers/esm/asyncToGenerator.js:5:24)
    at _next (webpack-internal:///./node_modules/_@babel_runtime@7.12.1@@babel/runtime/helpers/esm/asyncToGenerator.js:27:9)
    at eval (webpack-internal:///./node_modules/_@babel_runtime@7.12.1@@babel/runtime/helpers/esm/asyncToGenerator.js:34:7)
    at new Promise (<anonymous>)
    at Function.eval (webpack-internal:///./node_modules/_@babel_runtime@7.12.1@@babel/runtime/helpers/esm/asyncToGenerator.js:23:12)
    at Function.eval [as getInitialProps] (webpack-internal:///./web/page/faqs/index.tsx:144:17)
2020-11-02 19:04:33,204 ERROR 21378 [-/::1/-/6ms GET /faqs] Page Controller renderToStream Error TypeError: ctx.faqService is not a function
    at _callee$ (webpack-internal:///./web/page/faqs/index.tsx:130:31)
    at tryCatch (/Volumes/data/wsbb.web.server/node_modules/_regenerator-runtime@0.13.7@regenerator-runtime/runtime.js:63:40)
    at Generator.invoke [as _invoke] (/Volumes/data/wsbb.web.server/node_modules/_regenerator-runtime@0.13.7@regenerator-runtime/runtime.js:293:22)
    at Generator.next (/Volumes/data/wsbb.web.server/node_modules/_regenerator-runtime@0.13.7@regenerator-runtime/runtime.js:118:21)
    at asyncGeneratorStep (webpack-internal:///./node_modules/_@babel_runtime@7.12.1@@babel/runtime/helpers/esm/asyncToGenerator.js:5:24)
    at _next (webpack-internal:///./node_modules/_@babel_runtime@7.12.1@@babel/runtime/helpers/esm/asyncToGenerator.js:27:9)
    at eval (webpack-internal:///./node_modules/_@babel_runtime@7.12.1@@babel/runtime/helpers/esm/asyncToGenerator.js:34:7)
    at new Promise (<anonymous>)
    at Function.eval (webpack-internal:///./node_modules/_@babel_runtime@7.12.1@@babel/runtime/helpers/esm/asyncToGenerator.js:23:12)
    at Function.eval [as getInitialProps] (webpack-internal:///./web/page/faqs/index.tsx:144:17)
2020-11-02 19:06:46,178 ERROR 21385 [-/::1/-/83ms GET /faqs] Page Controller renderToStream Error TypeError: ctx.faqService is not a function
    at _callee$ (webpack-internal:///./web/page/faqs/index.tsx:130:31)
    at tryCatch (/Volumes/data/wsbb.web.server/node_modules/_regenerator-runtime@0.13.7@regenerator-runtime/runtime.js:63:40)
    at Generator.invoke [as _invoke] (/Volumes/data/wsbb.web.server/node_modules/_regenerator-runtime@0.13.7@regenerator-runtime/runtime.js:293:22)
    at Generator.next (/Volumes/data/wsbb.web.server/node_modules/_regenerator-runtime@0.13.7@regenerator-runtime/runtime.js:118:21)
    at asyncGeneratorStep (webpack-internal:///./node_modules/_@babel_runtime@7.12.1@@babel/runtime/helpers/esm/asyncToGenerator.js:5:24)
    at _next (webpack-internal:///./node_modules/_@babel_runtime@7.12.1@@babel/runtime/helpers/esm/asyncToGenerator.js:27:9)
    at eval (webpack-internal:///./node_modules/_@babel_runtime@7.12.1@@babel/runtime/helpers/esm/asyncToGenerator.js:34:7)
    at new Promise (<anonymous>)
    at Function.eval (webpack-internal:///./node_modules/_@babel_runtime@7.12.1@@babel/runtime/helpers/esm/asyncToGenerator.js:23:12)
    at Function.eval [as getInitialProps] (webpack-internal:///./web/page/faqs/index.tsx:144:17)
2020-11-02 19:07:32,585 ERROR 21387 [-/::1/-/98ms GET /faqs] Page Controller renderToStream Error TypeError: ctx.faqService is not a function
    at _callee$ (webpack-internal:///./web/page/faqs/index.tsx:130:31)
    at tryCatch (/Volumes/data/wsbb.web.server/node_modules/_regenerator-runtime@0.13.7@regenerator-runtime/runtime.js:63:40)
    at Generator.invoke [as _invoke] (/Volumes/data/wsbb.web.server/node_modules/_regenerator-runtime@0.13.7@regenerator-runtime/runtime.js:293:22)
    at Generator.next (/Volumes/data/wsbb.web.server/node_modules/_regenerator-runtime@0.13.7@regenerator-runtime/runtime.js:118:21)
    at asyncGeneratorStep (webpack-internal:///./node_modules/_@babel_runtime@7.12.1@@babel/runtime/helpers/esm/asyncToGenerator.js:5:24)
    at _next (webpack-internal:///./node_modules/_@babel_runtime@7.12.1@@babel/runtime/helpers/esm/asyncToGenerator.js:27:9)
    at eval (webpack-internal:///./node_modules/_@babel_runtime@7.12.1@@babel/runtime/helpers/esm/asyncToGenerator.js:34:7)
    at new Promise (<anonymous>)
    at Function.eval (webpack-internal:///./node_modules/_@babel_runtime@7.12.1@@babel/runtime/helpers/esm/asyncToGenerator.js:23:12)
    at Function.eval [as getInitialProps] (webpack-internal:///./web/page/faqs/index.tsx:144:17)
2020-11-02 19:07:32,782 ERROR 21387 [-/::1/-/6ms GET /faqs] Page Controller renderToStream Error TypeError: ctx.faqService is not a function
    at _callee$ (webpack-internal:///./web/page/faqs/index.tsx:130:31)
    at tryCatch (/Volumes/data/wsbb.web.server/node_modules/_regenerator-runtime@0.13.7@regenerator-runtime/runtime.js:63:40)
    at Generator.invoke [as _invoke] (/Volumes/data/wsbb.web.server/node_modules/_regenerator-runtime@0.13.7@regenerator-runtime/runtime.js:293:22)
    at Generator.next (/Volumes/data/wsbb.web.server/node_modules/_regenerator-runtime@0.13.7@regenerator-runtime/runtime.js:118:21)
    at asyncGeneratorStep (webpack-internal:///./node_modules/_@babel_runtime@7.12.1@@babel/runtime/helpers/esm/asyncToGenerator.js:5:24)
    at _next (webpack-internal:///./node_modules/_@babel_runtime@7.12.1@@babel/runtime/helpers/esm/asyncToGenerator.js:27:9)
    at eval (webpack-internal:///./node_modules/_@babel_runtime@7.12.1@@babel/runtime/helpers/esm/asyncToGenerator.js:34:7)
    at new Promise (<anonymous>)
    at Function.eval (webpack-internal:///./node_modules/_@babel_runtime@7.12.1@@babel/runtime/helpers/esm/asyncToGenerator.js:23:12)
    at Function.eval [as getInitialProps] (webpack-internal:///./web/page/faqs/index.tsx:144:17)
2020-11-02 19:07:32,982 ERROR 21387 [-/::1/-/6ms GET /faqs] Page Controller renderToStream Error TypeError: ctx.faqService is not a function
    at _callee$ (webpack-internal:///./web/page/faqs/index.tsx:130:31)
    at tryCatch (/Volumes/data/wsbb.web.server/node_modules/_regenerator-runtime@0.13.7@regenerator-runtime/runtime.js:63:40)
    at Generator.invoke [as _invoke] (/Volumes/data/wsbb.web.server/node_modules/_regenerator-runtime@0.13.7@regenerator-runtime/runtime.js:293:22)
    at Generator.next (/Volumes/data/wsbb.web.server/node_modules/_regenerator-runtime@0.13.7@regenerator-runtime/runtime.js:118:21)
    at asyncGeneratorStep (webpack-internal:///./node_modules/_@babel_runtime@7.12.1@@babel/runtime/helpers/esm/asyncToGenerator.js:5:24)
    at _next (webpack-internal:///./node_modules/_@babel_runtime@7.12.1@@babel/runtime/helpers/esm/asyncToGenerator.js:27:9)
    at eval (webpack-internal:///./node_modules/_@babel_runtime@7.12.1@@babel/runtime/helpers/esm/asyncToGenerator.js:34:7)
    at new Promise (<anonymous>)
    at Function.eval (webpack-internal:///./node_modules/_@babel_runtime@7.12.1@@babel/runtime/helpers/esm/asyncToGenerator.js:23:12)
    at Function.eval [as getInitialProps] (webpack-internal:///./web/page/faqs/index.tsx:144:17)
2020-11-02 19:08:11,103 ERROR 21393 [-/::1/-/90ms GET /faqs] Page Controller renderToStream Error TypeError: ctx.faqService is not a function
    at _callee$ (webpack-internal:///./web/page/faqs/index.tsx:130:31)
    at tryCatch (/Volumes/data/wsbb.web.server/node_modules/_regenerator-runtime@0.13.7@regenerator-runtime/runtime.js:63:40)
    at Generator.invoke [as _invoke] (/Volumes/data/wsbb.web.server/node_modules/_regenerator-runtime@0.13.7@regenerator-runtime/runtime.js:293:22)
    at Generator.next (/Volumes/data/wsbb.web.server/node_modules/_regenerator-runtime@0.13.7@regenerator-runtime/runtime.js:118:21)
    at asyncGeneratorStep (webpack-internal:///./node_modules/_@babel_runtime@7.12.1@@babel/runtime/helpers/esm/asyncToGenerator.js:5:24)
    at _next (webpack-internal:///./node_modules/_@babel_runtime@7.12.1@@babel/runtime/helpers/esm/asyncToGenerator.js:27:9)
    at eval (webpack-internal:///./node_modules/_@babel_runtime@7.12.1@@babel/runtime/helpers/esm/asyncToGenerator.js:34:7)
    at new Promise (<anonymous>)
    at Function.eval (webpack-internal:///./node_modules/_@babel_runtime@7.12.1@@babel/runtime/helpers/esm/asyncToGenerator.js:23:12)
    at Function.eval [as getInitialProps] (webpack-internal:///./web/page/faqs/index.tsx:144:17)
2020-11-02 19:09:38,058 ERROR 21398 [-/::1/-/92ms GET /faqs] Page Controller renderToStream Error TypeError: ctx.faqService is not a function
    at _callee$ (webpack-internal:///./web/page/faqs/index.tsx:130:31)
    at tryCatch (/Volumes/data/wsbb.web.server/node_modules/_regenerator-runtime@0.13.7@regenerator-runtime/runtime.js:63:40)
    at Generator.invoke [as _invoke] (/Volumes/data/wsbb.web.server/node_modules/_regenerator-runtime@0.13.7@regenerator-runtime/runtime.js:293:22)
    at Generator.next (/Volumes/data/wsbb.web.server/node_modules/_regenerator-runtime@0.13.7@regenerator-runtime/runtime.js:118:21)
    at asyncGeneratorStep (webpack-internal:///./node_modules/_@babel_runtime@7.12.1@@babel/runtime/helpers/esm/asyncToGenerator.js:5:24)
    at _next (webpack-internal:///./node_modules/_@babel_runtime@7.12.1@@babel/runtime/helpers/esm/asyncToGenerator.js:27:9)
    at eval (webpack-internal:///./node_modules/_@babel_runtime@7.12.1@@babel/runtime/helpers/esm/asyncToGenerator.js:34:7)
    at new Promise (<anonymous>)
    at Function.eval (webpack-internal:///./node_modules/_@babel_runtime@7.12.1@@babel/runtime/helpers/esm/asyncToGenerator.js:23:12)
    at Function.eval [as getInitialProps] (webpack-internal:///./web/page/faqs/index.tsx:144:17)
2020-11-02 19:09:38,686 ERROR 21398 [-/::1/-/6ms GET /faqs] Page Controller renderToStream Error TypeError: ctx.faqService is not a function
    at _callee$ (webpack-internal:///./web/page/faqs/index.tsx:130:31)
    at tryCatch (/Volumes/data/wsbb.web.server/node_modules/_regenerator-runtime@0.13.7@regenerator-runtime/runtime.js:63:40)
    at Generator.invoke [as _invoke] (/Volumes/data/wsbb.web.server/node_modules/_regenerator-runtime@0.13.7@regenerator-runtime/runtime.js:293:22)
    at Generator.next (/Volumes/data/wsbb.web.server/node_modules/_regenerator-runtime@0.13.7@regenerator-runtime/runtime.js:118:21)
    at asyncGeneratorStep (webpack-internal:///./node_modules/_@babel_runtime@7.12.1@@babel/runtime/helpers/esm/asyncToGenerator.js:5:24)
    at _next (webpack-internal:///./node_modules/_@babel_runtime@7.12.1@@babel/runtime/helpers/esm/asyncToGenerator.js:27:9)
    at eval (webpack-internal:///./node_modules/_@babel_runtime@7.12.1@@babel/runtime/helpers/esm/asyncToGenerator.js:34:7)
    at new Promise (<anonymous>)
    at Function.eval (webpack-internal:///./node_modules/_@babel_runtime@7.12.1@@babel/runtime/helpers/esm/asyncToGenerator.js:23:12)
    at Function.eval [as getInitialProps] (webpack-internal:///./web/page/faqs/index.tsx:144:17)
2020-11-02 19:10:32,637 ERROR 21398 [-/::1/-/7ms GET /faqs] Page Controller renderToStream Error TypeError: ctx.faqService is not a function
    at _callee$ (webpack-internal:///./web/page/faqs/index.tsx:130:31)
    at tryCatch (/Volumes/data/wsbb.web.server/node_modules/_regenerator-runtime@0.13.7@regenerator-runtime/runtime.js:63:40)
    at Generator.invoke [as _invoke] (/Volumes/data/wsbb.web.server/node_modules/_regenerator-runtime@0.13.7@regenerator-runtime/runtime.js:293:22)
    at Generator.next (/Volumes/data/wsbb.web.server/node_modules/_regenerator-runtime@0.13.7@regenerator-runtime/runtime.js:118:21)
    at asyncGeneratorStep (webpack-internal:///./node_modules/_@babel_runtime@7.12.1@@babel/runtime/helpers/esm/asyncToGenerator.js:5:24)
    at _next (webpack-internal:///./node_modules/_@babel_runtime@7.12.1@@babel/runtime/helpers/esm/asyncToGenerator.js:27:9)
    at eval (webpack-internal:///./node_modules/_@babel_runtime@7.12.1@@babel/runtime/helpers/esm/asyncToGenerator.js:34:7)
    at new Promise (<anonymous>)
    at Function.eval (webpack-internal:///./node_modules/_@babel_runtime@7.12.1@@babel/runtime/helpers/esm/asyncToGenerator.js:23:12)
    at Function.eval [as getInitialProps] (webpack-internal:///./web/page/faqs/index.tsx:144:17)
2020-11-02 19:19:54,589 ERROR 21494 [-/::1/-/89ms GET /faqs] Page Controller renderToStream Error TypeError: Cannot read property 'curl' of undefined
    at Object.getFaqList (/Volumes/data/wsbb.web.server/src/service/faqs.ts:15:34)
    at _callee$ (webpack-internal:///./web/page/faqs/index.tsx:130:31)
    at tryCatch (/Volumes/data/wsbb.web.server/node_modules/_regenerator-runtime@0.13.7@regenerator-runtime/runtime.js:63:40)
    at Generator.invoke [as _invoke] (/Volumes/data/wsbb.web.server/node_modules/_regenerator-runtime@0.13.7@regenerator-runtime/runtime.js:293:22)
    at Generator.next (/Volumes/data/wsbb.web.server/node_modules/_regenerator-runtime@0.13.7@regenerator-runtime/runtime.js:118:21)
    at asyncGeneratorStep (webpack-internal:///./node_modules/_@babel_runtime@7.12.1@@babel/runtime/helpers/esm/asyncToGenerator.js:5:24)
    at _next (webpack-internal:///./node_modules/_@babel_runtime@7.12.1@@babel/runtime/helpers/esm/asyncToGenerator.js:27:9)
    at eval (webpack-internal:///./node_modules/_@babel_runtime@7.12.1@@babel/runtime/helpers/esm/asyncToGenerator.js:34:7)
    at new Promise (<anonymous>)
    at Function.eval (webpack-internal:///./node_modules/_@babel_runtime@7.12.1@@babel/runtime/helpers/esm/asyncToGenerator.js:23:12)
2020-11-02 19:21:03,697 ERROR 21496 [-/::1/-/83ms GET /faqs] Page Controller renderToStream Error TypeError: Cannot read property 'curl' of undefined
    at Object.getFaqList (/Volumes/data/wsbb.web.server/src/service/faqs.ts:15:34)
    at _callee$ (webpack-internal:///./web/page/faqs/index.tsx:130:31)
    at tryCatch (/Volumes/data/wsbb.web.server/node_modules/_regenerator-runtime@0.13.7@regenerator-runtime/runtime.js:63:40)
    at Generator.invoke [as _invoke] (/Volumes/data/wsbb.web.server/node_modules/_regenerator-runtime@0.13.7@regenerator-runtime/runtime.js:293:22)
    at Generator.next (/Volumes/data/wsbb.web.server/node_modules/_regenerator-runtime@0.13.7@regenerator-runtime/runtime.js:118:21)
    at asyncGeneratorStep (webpack-internal:///./node_modules/_@babel_runtime@7.12.1@@babel/runtime/helpers/esm/asyncToGenerator.js:5:24)
    at _next (webpack-internal:///./node_modules/_@babel_runtime@7.12.1@@babel/runtime/helpers/esm/asyncToGenerator.js:27:9)
    at eval (webpack-internal:///./node_modules/_@babel_runtime@7.12.1@@babel/runtime/helpers/esm/asyncToGenerator.js:34:7)
    at new Promise (<anonymous>)
    at Function.eval (webpack-internal:///./node_modules/_@babel_runtime@7.12.1@@babel/runtime/helpers/esm/asyncToGenerator.js:23:12)
2020-11-02 19:21:05,149 ERROR 21496 [-/::1/-/5ms GET /faqs] Page Controller renderToStream Error TypeError: Cannot read property 'curl' of undefined
    at Object.getFaqList (/Volumes/data/wsbb.web.server/src/service/faqs.ts:15:34)
    at _callee$ (webpack-internal:///./web/page/faqs/index.tsx:130:31)
    at tryCatch (/Volumes/data/wsbb.web.server/node_modules/_regenerator-runtime@0.13.7@regenerator-runtime/runtime.js:63:40)
    at Generator.invoke [as _invoke] (/Volumes/data/wsbb.web.server/node_modules/_regenerator-runtime@0.13.7@regenerator-runtime/runtime.js:293:22)
    at Generator.next (/Volumes/data/wsbb.web.server/node_modules/_regenerator-runtime@0.13.7@regenerator-runtime/runtime.js:118:21)
    at asyncGeneratorStep (webpack-internal:///./node_modules/_@babel_runtime@7.12.1@@babel/runtime/helpers/esm/asyncToGenerator.js:5:24)
    at _next (webpack-internal:///./node_modules/_@babel_runtime@7.12.1@@babel/runtime/helpers/esm/asyncToGenerator.js:27:9)
    at eval (webpack-internal:///./node_modules/_@babel_runtime@7.12.1@@babel/runtime/helpers/esm/asyncToGenerator.js:34:7)
    at new Promise (<anonymous>)
    at Function.eval (webpack-internal:///./node_modules/_@babel_runtime@7.12.1@@babel/runtime/helpers/esm/asyncToGenerator.js:23:12)
2020-11-02 19:21:05,300 ERROR 21496 [-/::1/-/5ms GET /faqs] Page Controller renderToStream Error TypeError: Cannot read property 'curl' of undefined
    at Object.getFaqList (/Volumes/data/wsbb.web.server/src/service/faqs.ts:15:34)
    at _callee$ (webpack-internal:///./web/page/faqs/index.tsx:130:31)
    at tryCatch (/Volumes/data/wsbb.web.server/node_modules/_regenerator-runtime@0.13.7@regenerator-runtime/runtime.js:63:40)
    at Generator.invoke [as _invoke] (/Volumes/data/wsbb.web.server/node_modules/_regenerator-runtime@0.13.7@regenerator-runtime/runtime.js:293:22)
    at Generator.next (/Volumes/data/wsbb.web.server/node_modules/_regenerator-runtime@0.13.7@regenerator-runtime/runtime.js:118:21)
    at asyncGeneratorStep (webpack-internal:///./node_modules/_@babel_runtime@7.12.1@@babel/runtime/helpers/esm/asyncToGenerator.js:5:24)
    at _next (webpack-internal:///./node_modules/_@babel_runtime@7.12.1@@babel/runtime/helpers/esm/asyncToGenerator.js:27:9)
    at eval (webpack-internal:///./node_modules/_@babel_runtime@7.12.1@@babel/runtime/helpers/esm/asyncToGenerator.js:34:7)
    at new Promise (<anonymous>)
    at Function.eval (webpack-internal:///./node_modules/_@babel_runtime@7.12.1@@babel/runtime/helpers/esm/asyncToGenerator.js:23:12)
2020-11-02 19:44:32,222 ERROR 21558 [-/::1/-/101ms GET /faqs] Page Controller renderToStream Error TypeError: ctx.faqService is not a function
    at _callee$ (webpack-internal:///./web/page/faqs/index.tsx:130:31)
    at tryCatch (/Volumes/data/wsbb.web.server/node_modules/_regenerator-runtime@0.13.7@regenerator-runtime/runtime.js:63:40)
    at Generator.invoke [as _invoke] (/Volumes/data/wsbb.web.server/node_modules/_regenerator-runtime@0.13.7@regenerator-runtime/runtime.js:293:22)
    at Generator.next (/Volumes/data/wsbb.web.server/node_modules/_regenerator-runtime@0.13.7@regenerator-runtime/runtime.js:118:21)
    at asyncGeneratorStep (webpack-internal:///./node_modules/_@babel_runtime@7.12.1@@babel/runtime/helpers/esm/asyncToGenerator.js:5:24)
    at _next (webpack-internal:///./node_modules/_@babel_runtime@7.12.1@@babel/runtime/helpers/esm/asyncToGenerator.js:27:9)
    at eval (webpack-internal:///./node_modules/_@babel_runtime@7.12.1@@babel/runtime/helpers/esm/asyncToGenerator.js:34:7)
    at new Promise (<anonymous>)
    at Function.eval (webpack-internal:///./node_modules/_@babel_runtime@7.12.1@@babel/runtime/helpers/esm/asyncToGenerator.js:23:12)
    at Function.eval [as getInitialProps] (webpack-internal:///./web/page/faqs/index.tsx:144:17)
2020-11-02 19:47:52,259 ERROR 21571 [-/::1/-/12ms GET /faqs] Page Controller renderToStream Error Error: expect request url to be a string or a http request options, but got ""
    at Object.requestWithCallback (/Volumes/data/wsbb.web.server/node_modules/_urllib@2.36.1@urllib/lib/urllib.js:204:11)
    at /Volumes/data/wsbb.web.server/node_modules/_urllib@2.36.1@urllib/lib/urllib.js:161:13
    at new Promise (<anonymous>)
    at Object.request (/Volumes/data/wsbb.web.server/node_modules/_urllib@2.36.1@urllib/lib/urllib.js:160:10)
    at HttpClient.request.HttpClient.curl (/Volumes/data/wsbb.web.server/node_modules/_urllib@2.36.1@urllib/lib/httpclient.js:45:17)
    at HttpClient.request (/Volumes/data/wsbb.web.server/node_modules/_urllib@2.36.1@urllib/lib/httpclient2.js:28:39)
    at HttpClient.request (/Volumes/data/wsbb.web.server/node_modules/_egg@2.29.1@egg/lib/core/httpclient.js:45:18)
    at MidwayApplication.curl (/Volumes/data/wsbb.web.server/node_modules/_egg@2.29.1@egg/lib/egg.js:283:28)
    at ContextHttpClient.curl (/Volumes/data/wsbb.web.server/node_modules/_egg@2.29.1@egg/lib/core/context_httpclient.js:20:21)
    at Object.curl (/Volumes/data/wsbb.web.server/node_modules/_egg@2.29.1@egg/app/extend/context.js:48:28)
2020-11-02 19:47:53,429 ERROR 21571 [-/::1/-/1ms GET /faqs] Page Controller renderToStream Error Error: expect request url to be a string or a http request options, but got ""
    at Object.requestWithCallback (/Volumes/data/wsbb.web.server/node_modules/_urllib@2.36.1@urllib/lib/urllib.js:204:11)
    at /Volumes/data/wsbb.web.server/node_modules/_urllib@2.36.1@urllib/lib/urllib.js:161:13
    at new Promise (<anonymous>)
    at Object.request (/Volumes/data/wsbb.web.server/node_modules/_urllib@2.36.1@urllib/lib/urllib.js:160:10)
    at HttpClient.request.HttpClient.curl (/Volumes/data/wsbb.web.server/node_modules/_urllib@2.36.1@urllib/lib/httpclient.js:45:17)
    at HttpClient.request (/Volumes/data/wsbb.web.server/node_modules/_urllib@2.36.1@urllib/lib/httpclient2.js:28:39)
    at HttpClient.request (/Volumes/data/wsbb.web.server/node_modules/_egg@2.29.1@egg/lib/core/httpclient.js:45:18)
    at MidwayApplication.curl (/Volumes/data/wsbb.web.server/node_modules/_egg@2.29.1@egg/lib/egg.js:283:28)
    at ContextHttpClient.curl (/Volumes/data/wsbb.web.server/node_modules/_egg@2.29.1@egg/lib/core/context_httpclient.js:20:21)
    at Object.curl (/Volumes/data/wsbb.web.server/node_modules/_egg@2.29.1@egg/app/extend/context.js:48:28)
2020-11-02 19:50:39,613 ERROR 21575 [-/::1/-/10ms GET /faqs] Page Controller renderToStream Error Error: expect request url to be a string or a http request options, but got ""
    at Object.requestWithCallback (/Volumes/data/wsbb.web.server/node_modules/_urllib@2.36.1@urllib/lib/urllib.js:204:11)
    at /Volumes/data/wsbb.web.server/node_modules/_urllib@2.36.1@urllib/lib/urllib.js:161:13
    at new Promise (<anonymous>)
    at Object.request (/Volumes/data/wsbb.web.server/node_modules/_urllib@2.36.1@urllib/lib/urllib.js:160:10)
    at HttpClient.request.HttpClient.curl (/Volumes/data/wsbb.web.server/node_modules/_urllib@2.36.1@urllib/lib/httpclient.js:45:17)
    at HttpClient.request (/Volumes/data/wsbb.web.server/node_modules/_urllib@2.36.1@urllib/lib/httpclient2.js:28:39)
    at HttpClient.request (/Volumes/data/wsbb.web.server/node_modules/_egg@2.29.1@egg/lib/core/httpclient.js:45:18)
    at MidwayApplication.curl (/Volumes/data/wsbb.web.server/node_modules/_egg@2.29.1@egg/lib/egg.js:283:28)
    at ContextHttpClient.curl (/Volumes/data/wsbb.web.server/node_modules/_egg@2.29.1@egg/lib/core/context_httpclient.js:20:21)
    at Object.curl (/Volumes/data/wsbb.web.server/node_modules/_egg@2.29.1@egg/app/extend/context.js:48:28)
2020-11-12 21:40:17,589 ERROR 36805 [-/127.0.0.1/-/13ms GET /] Page Controller renderToStream Error Error: Module build failed (from ./node_modules/babel-loader/lib/index.js):
Error: Cannot find module '@babel/plugin-transform-runtime' from '/Volumes/data/wsbb.web.server'
    at Function.resolveSync [as sync] (/Volumes/data/wsbb.web.server/node_modules/resolve/lib/sync.js:90:15)
    at resolveStandardizedName (/Volumes/data/wsbb.web.server/node_modules/@babel/core/lib/config/files/plugins.js:101:31)
    at resolvePlugin (/Volumes/data/wsbb.web.server/node_modules/@babel/core/lib/config/files/plugins.js:54:10)
    at loadPlugin (/Volumes/data/wsbb.web.server/node_modules/@babel/core/lib/config/files/plugins.js:62:20)
    at createDescriptor (/Volumes/data/wsbb.web.server/node_modules/@babel/core/lib/config/config-descriptors.js:154:9)
    at /Volumes/data/wsbb.web.server/node_modules/@babel/core/lib/config/config-descriptors.js:109:50
    at Array.map (<anonymous>)
    at createDescriptors (/Volumes/data/wsbb.web.server/node_modules/@babel/core/lib/config/config-descriptors.js:109:29)
    at createPluginDescriptors (/Volumes/data/wsbb.web.server/node_modules/@babel/core/lib/config/config-descriptors.js:105:10)
    at /Volumes/data/wsbb.web.server/node_modules/@babel/core/lib/config/config-descriptors.js:63:53
    at cachedFunction (/Volumes/data/wsbb.web.server/node_modules/@babel/core/lib/config/caching.js:62:27)
    at cachedFunction.next (<anonymous>)
    at evaluateSync (/Volumes/data/wsbb.web.server/node_modules/gensync/index.js:251:28)
    at sync (/Volumes/data/wsbb.web.server/node_modules/gensync/index.js:89:14)
    at plugins (/Volumes/data/wsbb.web.server/node_modules/@babel/core/lib/config/config-descriptors.js:28:77)
    at mergeChainOpts (/Volumes/data/wsbb.web.server/node_modules/@babel/core/lib/config/config-chain.js:415:26)
    at /Volumes/data/wsbb.web.server/node_modules/@babel/core/lib/config/config-chain.js:374:7
    at Generator.next (<anonymous>)
    at buildRootChain (/Volumes/data/wsbb.web.server/node_modules/@babel/core/lib/config/config-chain.js:73:36)
    at buildRootChain.next (<anonymous>)
    at loadPrivatePartialConfig (/Volumes/data/wsbb.web.server/node_modules/@babel/core/lib/config/partial.js:101:62)
    at loadPrivatePartialConfig.next (<anonymous>)
    at Function.<anonymous> (/Volumes/data/wsbb.web.server/node_modules/@babel/core/lib/config/partial.js:140:25)
    at Generator.next (<anonymous>)
    at evaluateSync (/Volumes/data/wsbb.web.server/node_modules/gensync/index.js:251:28)
    at Function.sync (/Volumes/data/wsbb.web.server/node_modules/gensync/index.js:89:14)
    at Object.<anonymous> (/Volumes/data/wsbb.web.server/node_modules/@babel/core/lib/config/index.js:43:61)
    at Object.<anonymous> (/Volumes/data/wsbb.web.server/node_modules/babel-loader/lib/index.js:140:26)
    at Generator.next (<anonymous>)
    at asyncGeneratorStep (/Volumes/data/wsbb.web.server/node_modules/babel-loader/lib/index.js:3:103)
    at eval (webpack-internal:///./web/entry.tsx:1:7)
    at Object../web/entry.tsx (/Volumes/data/wsbb.web.server/output/Page.server.js:97:1)
    at __webpack_require__ (/Volumes/data/wsbb.web.server/output/Page.server.js:21:30)
    at /Volumes/data/wsbb.web.server/output/Page.server.js:85:18
    at Object.<anonymous> (/Volumes/data/wsbb.web.server/output/Page.server.js:88:10)
    at Module._compile (internal/modules/cjs/loader.js:1015:30)
    at Object.Module._extensions..js (internal/modules/cjs/loader.js:1035:10)
    at Module.load (internal/modules/cjs/loader.js:879:32)
    at Function.Module._load (internal/modules/cjs/loader.js:724:14)
    at Module.require (internal/modules/cjs/loader.js:903:19)
2020-11-12 21:40:53,599 ERROR 36805 [-/127.0.0.1/-/2ms GET /] Page Controller renderToStream Error Error: Module build failed (from ./node_modules/babel-loader/lib/index.js):
Error: Cannot find module '@babel/plugin-transform-runtime' from '/Volumes/data/wsbb.web.server'
    at Function.resolveSync [as sync] (/Volumes/data/wsbb.web.server/node_modules/resolve/lib/sync.js:90:15)
    at resolveStandardizedName (/Volumes/data/wsbb.web.server/node_modules/@babel/core/lib/config/files/plugins.js:101:31)
    at resolvePlugin (/Volumes/data/wsbb.web.server/node_modules/@babel/core/lib/config/files/plugins.js:54:10)
    at loadPlugin (/Volumes/data/wsbb.web.server/node_modules/@babel/core/lib/config/files/plugins.js:62:20)
    at createDescriptor (/Volumes/data/wsbb.web.server/node_modules/@babel/core/lib/config/config-descriptors.js:154:9)
    at /Volumes/data/wsbb.web.server/node_modules/@babel/core/lib/config/config-descriptors.js:109:50
    at Array.map (<anonymous>)
    at createDescriptors (/Volumes/data/wsbb.web.server/node_modules/@babel/core/lib/config/config-descriptors.js:109:29)
    at createPluginDescriptors (/Volumes/data/wsbb.web.server/node_modules/@babel/core/lib/config/config-descriptors.js:105:10)
    at /Volumes/data/wsbb.web.server/node_modules/@babel/core/lib/config/config-descriptors.js:63:53
    at cachedFunction (/Volumes/data/wsbb.web.server/node_modules/@babel/core/lib/config/caching.js:62:27)
    at cachedFunction.next (<anonymous>)
    at evaluateSync (/Volumes/data/wsbb.web.server/node_modules/gensync/index.js:251:28)
    at sync (/Volumes/data/wsbb.web.server/node_modules/gensync/index.js:89:14)
    at plugins (/Volumes/data/wsbb.web.server/node_modules/@babel/core/lib/config/config-descriptors.js:28:77)
    at mergeChainOpts (/Volumes/data/wsbb.web.server/node_modules/@babel/core/lib/config/config-chain.js:415:26)
    at /Volumes/data/wsbb.web.server/node_modules/@babel/core/lib/config/config-chain.js:374:7
    at Generator.next (<anonymous>)
    at buildRootChain (/Volumes/data/wsbb.web.server/node_modules/@babel/core/lib/config/config-chain.js:73:36)
    at buildRootChain.next (<anonymous>)
    at loadPrivatePartialConfig (/Volumes/data/wsbb.web.server/node_modules/@babel/core/lib/config/partial.js:101:62)
    at loadPrivatePartialConfig.next (<anonymous>)
    at Function.<anonymous> (/Volumes/data/wsbb.web.server/node_modules/@babel/core/lib/config/partial.js:140:25)
    at Generator.next (<anonymous>)
    at evaluateSync (/Volumes/data/wsbb.web.server/node_modules/gensync/index.js:251:28)
    at Function.sync (/Volumes/data/wsbb.web.server/node_modules/gensync/index.js:89:14)
    at Object.<anonymous> (/Volumes/data/wsbb.web.server/node_modules/@babel/core/lib/config/index.js:43:61)
    at Object.<anonymous> (/Volumes/data/wsbb.web.server/node_modules/babel-loader/lib/index.js:140:26)
    at Generator.next (<anonymous>)
    at asyncGeneratorStep (/Volumes/data/wsbb.web.server/node_modules/babel-loader/lib/index.js:3:103)
    at eval (webpack-internal:///./web/entry.tsx:1:7)
    at Object../web/entry.tsx (/Volumes/data/wsbb.web.server/output/Page.server.js:97:1)
    at __webpack_require__ (/Volumes/data/wsbb.web.server/output/Page.server.js:21:30)
    at /Volumes/data/wsbb.web.server/output/Page.server.js:85:18
    at Object.<anonymous> (/Volumes/data/wsbb.web.server/output/Page.server.js:88:10)
    at Module._compile (internal/modules/cjs/loader.js:1015:30)
    at Object.Module._extensions..js (internal/modules/cjs/loader.js:1035:10)
    at Module.load (internal/modules/cjs/loader.js:879:32)
    at Function.Module._load (internal/modules/cjs/loader.js:724:14)
    at Module.require (internal/modules/cjs/loader.js:903:19)
2020-11-14 18:07:25,198 ERROR 43842 [-/127.0.0.1/-/97ms GET /faqs] nodejs.TypeError: props.data.map is not a function
    at Faqs (webpack-internal:///./web/page/faqs/index.tsx:85:31)
    at processChild (/Volumes/data/wsbb.web.server/node_modules/react-dom/cjs/react-dom-server.node.development.js:3043:14)
    at resolve (/Volumes/data/wsbb.web.server/node_modules/react-dom/cjs/react-dom-server.node.development.js:2960:5)
    at ReactDOMServerRenderer.render (/Volumes/data/wsbb.web.server/node_modules/react-dom/cjs/react-dom-server.node.development.js:3435:22)
    at ReactDOMServerRenderer.read (/Volumes/data/wsbb.web.server/node_modules/react-dom/cjs/react-dom-server.node.development.js:3373:29)
    at ReactMarkupReadableStream._read (/Volumes/data/wsbb.web.server/node_modules/react-dom/cjs/react-dom-server.node.development.js:4041:38)
    at ReactMarkupReadableStream.Readable.read (_stream_readable.js:470:10)
    at resume_ (_stream_readable.js:984:12)
    at processTicksAndRejections (internal/process/task_queues.js:84:21)
headerSent: true
pid: 43842
hostname: peter-MacBook-Pro.local

2020-11-14 18:07:31,083 ERROR 43842 [-/127.0.0.1/-/87ms GET /faqs/index] Page Controller renderToStream Error SyntaxError [JSONResponseFormatError]: Unexpected token N in JSON at position 0 (data json format: "Not Found"), GET https://cms.byterush.co/faqs/index 404 (connected: true, keepalive socket: false, agent status: {"createSocketCount":4,"createSocketErrorCount":0,"closeSocketCount":3,"errorSocketCount":0,"timeoutSocketCount":3,"requestCount":3,"freeSockets":{},"sockets":{"cms.byterush.co:443::::::::::::::::::":1},"requests":{}}, socketHandledRequests: 1, socketHandledResponses: 1)
headers: {"server":"openresty/1.15.8.1","date":"Sat, 14 Nov 2020 10:07:31 GMT","content-type":"text/plain; charset=utf-8","content-length":"9","connection":"keep-alive","vary":"Origin","strict-transport-security":"max-age=15724800; includeSubDomains","x-frame-options":"SAMEORIGIN","x-powered-by":"Strapi <strapi.io>","x-response-time":"18ms"}
    at JSON.parse (<anonymous>)
    at parseJSON (/Volumes/data/wsbb.web.server/node_modules/urllib/lib/urllib.js:1190:24)
    at /Volumes/data/wsbb.web.server/node_modules/urllib/lib/urllib.js:895:23
    at decodeContent (/Volumes/data/wsbb.web.server/node_modules/urllib/lib/urllib.js:699:14)
    at handleResponseCloseAndEnd (/Volumes/data/wsbb.web.server/node_modules/urllib/lib/urllib.js:876:7)
    at IncomingMessage.<anonymous> (/Volumes/data/wsbb.web.server/node_modules/urllib/lib/urllib.js:920:7)
    at IncomingMessage.emit (events.js:326:22)
    at endReadableNT (_stream_readable.js:1223:12)
    at processTicksAndRejections (internal/process/task_queues.js:84:21) {
  data: 'Not Found',
  path: '/faqs/index',
  status: 404,
  headers: {
    server: 'openresty/1.15.8.1',
    date: 'Sat, 14 Nov 2020 10:07:31 GMT',
    'content-type': 'text/plain; charset=utf-8',
    'content-length': '9',
    connection: 'keep-alive',
    vary: 'Origin',
    'strict-transport-security': 'max-age=15724800; includeSubDomains',
    'x-frame-options': 'SAMEORIGIN',
    'x-powered-by': 'Strapi <strapi.io>',
    'x-response-time': '18ms'
  },
  res: {
    status: 404,
    statusCode: 404,
    statusMessage: 'Not Found',
    headers: {
      server: 'openresty/1.15.8.1',
      date: 'Sat, 14 Nov 2020 10:07:31 GMT',
      'content-type': 'text/plain; charset=utf-8',
      'content-length': '9',
      connection: 'keep-alive',
      vary: 'Origin',
      'strict-transport-security': 'max-age=15724800; includeSubDomains',
      'x-frame-options': 'SAMEORIGIN',
      'x-powered-by': 'Strapi <strapi.io>',
      'x-response-time': '18ms'
    },
    size: 9,
    aborted: false,
    rt: 85,
    keepAliveSocket: false,
    data: 'Not Found',
    requestUrls: [ 'https://cms.byterush.co/faqs/index' ],
    timing: null,
    remoteAddress: '129.204.99.23',
    remotePort: 443,
    socketHandledRequests: 1,
    socketHandledResponses: 1
  }
}
2020-11-14 18:07:39,167 ERROR 43842 [-/127.0.0.1/-/90ms GET /faqs] nodejs.TypeError: props.data.map is not a function
    at Faqs (webpack-internal:///./web/page/faqs/index.tsx:85:31)
    at processChild (/Volumes/data/wsbb.web.server/node_modules/react-dom/cjs/react-dom-server.node.development.js:3043:14)
    at resolve (/Volumes/data/wsbb.web.server/node_modules/react-dom/cjs/react-dom-server.node.development.js:2960:5)
    at ReactDOMServerRenderer.render (/Volumes/data/wsbb.web.server/node_modules/react-dom/cjs/react-dom-server.node.development.js:3435:22)
    at ReactDOMServerRenderer.read (/Volumes/data/wsbb.web.server/node_modules/react-dom/cjs/react-dom-server.node.development.js:3373:29)
    at ReactMarkupReadableStream._read (/Volumes/data/wsbb.web.server/node_modules/react-dom/cjs/react-dom-server.node.development.js:4041:38)
    at ReactMarkupReadableStream.Readable.read (_stream_readable.js:470:10)
    at resume_ (_stream_readable.js:984:12)
    at processTicksAndRejections (internal/process/task_queues.js:84:21)
headerSent: true
pid: 43842
hostname: peter-MacBook-Pro.local

2020-11-14 18:07:47,411 ERROR 43842 [-/127.0.0.1/-/81ms GET /faqs] nodejs.TypeError: props.data.map is not a function
    at Faqs (webpack-internal:///./web/page/faqs/index.tsx:85:31)
    at processChild (/Volumes/data/wsbb.web.server/node_modules/react-dom/cjs/react-dom-server.node.development.js:3043:14)
    at resolve (/Volumes/data/wsbb.web.server/node_modules/react-dom/cjs/react-dom-server.node.development.js:2960:5)
    at ReactDOMServerRenderer.render (/Volumes/data/wsbb.web.server/node_modules/react-dom/cjs/react-dom-server.node.development.js:3435:22)
    at ReactDOMServerRenderer.read (/Volumes/data/wsbb.web.server/node_modules/react-dom/cjs/react-dom-server.node.development.js:3373:29)
    at ReactMarkupReadableStream._read (/Volumes/data/wsbb.web.server/node_modules/react-dom/cjs/react-dom-server.node.development.js:4041:38)
    at ReactMarkupReadableStream.Readable.read (_stream_readable.js:470:10)
    at resume_ (_stream_readable.js:984:12)
    at processTicksAndRejections (internal/process/task_queues.js:84:21)
headerSent: true
pid: 43842
hostname: peter-MacBook-Pro.local

2020-11-14 18:12:36,105 ERROR 43913 [-/127.0.0.1/-/205ms GET /faqs] nodejs.TypeError: props.data.map is not a function
    at Faqs (webpack-internal:///./web/page/faqs/index.tsx:85:31)
    at processChild (/Volumes/data/wsbb.web.server/node_modules/react-dom/cjs/react-dom-server.node.development.js:3043:14)
    at resolve (/Volumes/data/wsbb.web.server/node_modules/react-dom/cjs/react-dom-server.node.development.js:2960:5)
    at ReactDOMServerRenderer.render (/Volumes/data/wsbb.web.server/node_modules/react-dom/cjs/react-dom-server.node.development.js:3435:22)
    at ReactDOMServerRenderer.read (/Volumes/data/wsbb.web.server/node_modules/react-dom/cjs/react-dom-server.node.development.js:3373:29)
    at ReactMarkupReadableStream._read (/Volumes/data/wsbb.web.server/node_modules/react-dom/cjs/react-dom-server.node.development.js:4041:38)
    at ReactMarkupReadableStream.Readable.read (_stream_readable.js:470:10)
    at resume_ (_stream_readable.js:984:12)
    at processTicksAndRejections (internal/process/task_queues.js:84:21)
headerSent: true
pid: 43913
hostname: peter-MacBook-Pro.local

2020-11-14 18:12:36,900 ERROR 43913 [-/127.0.0.1/-/38ms GET /faqs] nodejs.TypeError: props.data.map is not a function
    at Faqs (webpack-internal:///./web/page/faqs/index.tsx:85:31)
    at processChild (/Volumes/data/wsbb.web.server/node_modules/react-dom/cjs/react-dom-server.node.development.js:3043:14)
    at resolve (/Volumes/data/wsbb.web.server/node_modules/react-dom/cjs/react-dom-server.node.development.js:2960:5)
    at ReactDOMServerRenderer.render (/Volumes/data/wsbb.web.server/node_modules/react-dom/cjs/react-dom-server.node.development.js:3435:22)
    at ReactDOMServerRenderer.read (/Volumes/data/wsbb.web.server/node_modules/react-dom/cjs/react-dom-server.node.development.js:3373:29)
    at ReactMarkupReadableStream._read (/Volumes/data/wsbb.web.server/node_modules/react-dom/cjs/react-dom-server.node.development.js:4041:38)
    at ReactMarkupReadableStream.Readable.read (_stream_readable.js:470:10)
    at resume_ (_stream_readable.js:984:12)
    at processTicksAndRejections (internal/process/task_queues.js:84:21)
headerSent: true
pid: 43913
hostname: peter-MacBook-Pro.local

